
*** Running vivado
    with args -log config_data_FIFO.vds -m64 -mode batch -messageDb vivado.pb -notrace -source config_data_FIFO.tcl


****** Vivado v2015.2 (64-bit)
  **** SW Build 1266856 on Fri Jun 26 16:35:25 MDT 2015
  **** IP Build 1264090 on Wed Jun 24 14:22:01 MDT 2015
    ** Copyright 1986-2015 Xilinx, Inc. All Rights Reserved.

Sourcing tcl script 'C:/Users/griffinr/AppData/Roaming/Xilinx/Vivado/init.tcl'
source config_data_FIFO.tcl -notrace
INFO: [IP_Flow 19-234] Refreshing IP repositories
INFO: [IP_Flow 19-1700] Loaded user IP repository 'c:/custom_xilinx_ip/MyProcessorIPLib/pcores/axi_FPGA_configuration_controller_v1_00_a'.
WARNING: [IP_Flow 19-3656] If you move the project, the path for repository 'c:/custom_xilinx_ip/MyProcessorIPLib/pcores/axi_FPGA_configuration_controller_v1_00_a' may become invalid. A better location for the repostory would be in a path adjacent to the project. (Current project location is 'c:/custom_xilinx_ip/MyProcessorIPLib/pcores/axi_FPGA_configuration_controller_v1_00_a/project_1/project_1.runs/config_data_FIFO_synth_1'.)
INFO: [IP_Flow 19-2313] Loaded Vivado IP repository 'C:/Xilinx/Vivado/2015.2/data/ip'.
WARNING: [IP_Flow 19-3664] IP 'config_data_FIFO' generated file not found 'c:/custom_xilinx_ip/MyProcessorIPLib/pcores/axi_FPGA_configuration_controller_v1_00_a/project_1/project_1.srcs/sources_1/ip/config_data_FIFO/config_data_FIFO.dcp'. Please regenerate to continue.
WARNING: [IP_Flow 19-3664] IP 'config_data_FIFO' generated file not found 'c:/custom_xilinx_ip/MyProcessorIPLib/pcores/axi_FPGA_configuration_controller_v1_00_a/project_1/project_1.srcs/sources_1/ip/config_data_FIFO/config_data_FIFO_stub.v'. Please regenerate to continue.
WARNING: [IP_Flow 19-3664] IP 'config_data_FIFO' generated file not found 'c:/custom_xilinx_ip/MyProcessorIPLib/pcores/axi_FPGA_configuration_controller_v1_00_a/project_1/project_1.srcs/sources_1/ip/config_data_FIFO/config_data_FIFO_stub.vhdl'. Please regenerate to continue.
WARNING: [IP_Flow 19-3664] IP 'config_data_FIFO' generated file not found 'c:/custom_xilinx_ip/MyProcessorIPLib/pcores/axi_FPGA_configuration_controller_v1_00_a/project_1/project_1.srcs/sources_1/ip/config_data_FIFO/config_data_FIFO_funcsim.v'. Please regenerate to continue.
WARNING: [IP_Flow 19-3664] IP 'config_data_FIFO' generated file not found 'c:/custom_xilinx_ip/MyProcessorIPLib/pcores/axi_FPGA_configuration_controller_v1_00_a/project_1/project_1.srcs/sources_1/ip/config_data_FIFO/config_data_FIFO_funcsim.vhdl'. Please regenerate to continue.
Command: synth_design -top config_data_FIFO -part xc7z010clg400-1 -mode out_of_context
Starting synth_design
Attempting to get a license for feature 'Synthesis' and/or device 'xc7z010'
INFO: [Common 17-349] Got license for feature 'Synthesis' and/or device 'xc7z010'
---------------------------------------------------------------------------------
Starting RTL Elaboration : Time (s): cpu = 00:00:08 ; elapsed = 00:00:13 . Memory (MB): peak = 283.988 ; gain = 100.086
---------------------------------------------------------------------------------
INFO: [Synth 8-638] synthesizing module 'config_data_FIFO' [c:/custom_xilinx_ip/MyProcessorIPLib/pcores/axi_FPGA_configuration_controller_v1_00_a/project_1/project_1.srcs/sources_1/ip/config_data_FIFO/synth/config_data_FIFO.vhd:74]
	Parameter C_COMMON_CLOCK bound to: 0 - type: integer 
	Parameter C_COUNT_TYPE bound to: 0 - type: integer 
	Parameter C_DATA_COUNT_WIDTH bound to: 9 - type: integer 
	Parameter C_DEFAULT_VALUE bound to: BlankString - type: string 
	Parameter C_DIN_WIDTH bound to: 32 - type: integer 
	Parameter C_DOUT_RST_VAL bound to: 0 - type: string 
	Parameter C_DOUT_WIDTH bound to: 32 - type: integer 
	Parameter C_ENABLE_RLOCS bound to: 0 - type: integer 
	Parameter C_FAMILY bound to: zynq - type: string 
	Parameter C_FULL_FLAGS_RST_VAL bound to: 0 - type: integer 
	Parameter C_HAS_ALMOST_EMPTY bound to: 0 - type: integer 
	Parameter C_HAS_ALMOST_FULL bound to: 0 - type: integer 
	Parameter C_HAS_BACKUP bound to: 0 - type: integer 
	Parameter C_HAS_DATA_COUNT bound to: 0 - type: integer 
	Parameter C_HAS_INT_CLK bound to: 0 - type: integer 
	Parameter C_HAS_MEMINIT_FILE bound to: 0 - type: integer 
	Parameter C_HAS_OVERFLOW bound to: 0 - type: integer 
	Parameter C_HAS_RD_DATA_COUNT bound to: 0 - type: integer 
	Parameter C_HAS_RD_RST bound to: 0 - type: integer 
	Parameter C_HAS_RST bound to: 1 - type: integer 
	Parameter C_HAS_SRST bound to: 0 - type: integer 
	Parameter C_HAS_UNDERFLOW bound to: 0 - type: integer 
	Parameter C_HAS_VALID bound to: 0 - type: integer 
	Parameter C_HAS_WR_ACK bound to: 0 - type: integer 
	Parameter C_HAS_WR_DATA_COUNT bound to: 0 - type: integer 
	Parameter C_HAS_WR_RST bound to: 0 - type: integer 
	Parameter C_IMPLEMENTATION_TYPE bound to: 6 - type: integer 
	Parameter C_INIT_WR_PNTR_VAL bound to: 0 - type: integer 
	Parameter C_MEMORY_TYPE bound to: 4 - type: integer 
	Parameter C_MIF_FILE_NAME bound to: BlankString - type: string 
	Parameter C_OPTIMIZATION_MODE bound to: 0 - type: integer 
	Parameter C_OVERFLOW_LOW bound to: 0 - type: integer 
	Parameter C_PRELOAD_LATENCY bound to: 1 - type: integer 
	Parameter C_PRELOAD_REGS bound to: 0 - type: integer 
	Parameter C_PRIM_FIFO_TYPE bound to: 512x36 - type: string 
	Parameter C_PROG_EMPTY_THRESH_ASSERT_VAL bound to: 5 - type: integer 
	Parameter C_PROG_EMPTY_THRESH_NEGATE_VAL bound to: 6 - type: integer 
	Parameter C_PROG_EMPTY_TYPE bound to: 0 - type: integer 
	Parameter C_PROG_FULL_THRESH_ASSERT_VAL bound to: 480 - type: integer 
	Parameter C_PROG_FULL_THRESH_NEGATE_VAL bound to: 479 - type: integer 
	Parameter C_PROG_FULL_TYPE bound to: 1 - type: integer 
	Parameter C_RD_DATA_COUNT_WIDTH bound to: 9 - type: integer 
	Parameter C_RD_DEPTH bound to: 512 - type: integer 
	Parameter C_RD_FREQ bound to: 100 - type: integer 
	Parameter C_RD_PNTR_WIDTH bound to: 9 - type: integer 
	Parameter C_UNDERFLOW_LOW bound to: 0 - type: integer 
	Parameter C_USE_DOUT_RST bound to: 0 - type: integer 
	Parameter C_USE_ECC bound to: 0 - type: integer 
	Parameter C_USE_EMBEDDED_REG bound to: 0 - type: integer 
	Parameter C_USE_PIPELINE_REG bound to: 0 - type: integer 
	Parameter C_POWER_SAVING_MODE bound to: 0 - type: integer 
	Parameter C_USE_FIFO16_FLAGS bound to: 0 - type: integer 
	Parameter C_USE_FWFT_DATA_COUNT bound to: 0 - type: integer 
	Parameter C_VALID_LOW bound to: 0 - type: integer 
	Parameter C_WR_ACK_LOW bound to: 0 - type: integer 
	Parameter C_WR_DATA_COUNT_WIDTH bound to: 9 - type: integer 
	Parameter C_WR_DEPTH bound to: 512 - type: integer 
	Parameter C_WR_FREQ bound to: 1 - type: integer 
	Parameter C_WR_PNTR_WIDTH bound to: 9 - type: integer 
	Parameter C_WR_RESPONSE_LATENCY bound to: 1 - type: integer 
	Parameter C_MSGON_VAL bound to: 1 - type: integer 
	Parameter C_ENABLE_RST_SYNC bound to: 1 - type: integer 
	Parameter C_ERROR_INJECTION_TYPE bound to: 0 - type: integer 
	Parameter C_SYNCHRONIZER_STAGE bound to: 2 - type: integer 
	Parameter C_INTERFACE_TYPE bound to: 0 - type: integer 
	Parameter C_AXI_TYPE bound to: 1 - type: integer 
	Parameter C_HAS_AXI_WR_CHANNEL bound to: 1 - type: integer 
	Parameter C_HAS_AXI_RD_CHANNEL bound to: 1 - type: integer 
	Parameter C_HAS_SLAVE_CE bound to: 0 - type: integer 
	Parameter C_HAS_MASTER_CE bound to: 0 - type: integer 
	Parameter C_ADD_NGC_CONSTRAINT bound to: 0 - type: integer 
	Parameter C_USE_COMMON_OVERFLOW bound to: 0 - type: integer 
	Parameter C_USE_COMMON_UNDERFLOW bound to: 0 - type: integer 
	Parameter C_USE_DEFAULT_SETTINGS bound to: 0 - type: integer 
	Parameter C_AXI_ID_WIDTH bound to: 1 - type: integer 
	Parameter C_AXI_ADDR_WIDTH bound to: 32 - type: integer 
	Parameter C_AXI_DATA_WIDTH bound to: 64 - type: integer 
	Parameter C_AXI_LEN_WIDTH bound to: 8 - type: integer 
	Parameter C_AXI_LOCK_WIDTH bound to: 1 - type: integer 
	Parameter C_HAS_AXI_ID bound to: 0 - type: integer 
	Parameter C_HAS_AXI_AWUSER bound to: 0 - type: integer 
	Parameter C_HAS_AXI_WUSER bound to: 0 - type: integer 
	Parameter C_HAS_AXI_BUSER bound to: 0 - type: integer 
	Parameter C_HAS_AXI_ARUSER bound to: 0 - type: integer 
	Parameter C_HAS_AXI_RUSER bound to: 0 - type: integer 
	Parameter C_AXI_ARUSER_WIDTH bound to: 1 - type: integer 
	Parameter C_AXI_AWUSER_WIDTH bound to: 1 - type: integer 
	Parameter C_AXI_WUSER_WIDTH bound to: 1 - type: integer 
	Parameter C_AXI_BUSER_WIDTH bound to: 1 - type: integer 
	Parameter C_AXI_RUSER_WIDTH bound to: 1 - type: integer 
	Parameter C_HAS_AXIS_TDATA bound to: 1 - type: integer 
	Parameter C_HAS_AXIS_TID bound to: 0 - type: integer 
	Parameter C_HAS_AXIS_TDEST bound to: 0 - type: integer 
	Parameter C_HAS_AXIS_TUSER bound to: 1 - type: integer 
	Parameter C_HAS_AXIS_TREADY bound to: 1 - type: integer 
	Parameter C_HAS_AXIS_TLAST bound to: 0 - type: integer 
	Parameter C_HAS_AXIS_TSTRB bound to: 0 - type: integer 
	Parameter C_HAS_AXIS_TKEEP bound to: 0 - type: integer 
	Parameter C_AXIS_TDATA_WIDTH bound to: 8 - type: integer 
	Parameter C_AXIS_TID_WIDTH bound to: 1 - type: integer 
	Parameter C_AXIS_TDEST_WIDTH bound to: 1 - type: integer 
	Parameter C_AXIS_TUSER_WIDTH bound to: 4 - type: integer 
	Parameter C_AXIS_TSTRB_WIDTH bound to: 1 - type: integer 
	Parameter C_AXIS_TKEEP_WIDTH bound to: 1 - type: integer 
	Parameter C_WACH_TYPE bound to: 0 - type: integer 
	Parameter C_WDCH_TYPE bound to: 0 - type: integer 
	Parameter C_WRCH_TYPE bound to: 0 - type: integer 
	Parameter C_RACH_TYPE bound to: 0 - type: integer 
	Parameter C_RDCH_TYPE bound to: 0 - type: integer 
	Parameter C_AXIS_TYPE bound to: 0 - type: integer 
	Parameter C_IMPLEMENTATION_TYPE_WACH bound to: 1 - type: integer 
	Parameter C_IMPLEMENTATION_TYPE_WDCH bound to: 1 - type: integer 
	Parameter C_IMPLEMENTATION_TYPE_WRCH bound to: 1 - type: integer 
	Parameter C_IMPLEMENTATION_TYPE_RACH bound to: 1 - type: integer 
	Parameter C_IMPLEMENTATION_TYPE_RDCH bound to: 1 - type: integer 
	Parameter C_IMPLEMENTATION_TYPE_AXIS bound to: 1 - type: integer 
	Parameter C_APPLICATION_TYPE_WACH bound to: 0 - type: integer 
	Parameter C_APPLICATION_TYPE_WDCH bound to: 0 - type: integer 
	Parameter C_APPLICATION_TYPE_WRCH bound to: 0 - type: integer 
	Parameter C_APPLICATION_TYPE_RACH bound to: 0 - type: integer 
	Parameter C_APPLICATION_TYPE_RDCH bound to: 0 - type: integer 
	Parameter C_APPLICATION_TYPE_AXIS bound to: 0 - type: integer 
	Parameter C_PRIM_FIFO_TYPE_WACH bound to: 512x36 - type: string 
	Parameter C_PRIM_FIFO_TYPE_WDCH bound to: 1kx36 - type: string 
	Parameter C_PRIM_FIFO_TYPE_WRCH bound to: 512x36 - type: string 
	Parameter C_PRIM_FIFO_TYPE_RACH bound to: 512x36 - type: string 
	Parameter C_PRIM_FIFO_TYPE_RDCH bound to: 1kx36 - type: string 
	Parameter C_PRIM_FIFO_TYPE_AXIS bound to: 1kx18 - type: string 
	Parameter C_USE_ECC_WACH bound to: 0 - type: integer 
	Parameter C_USE_ECC_WDCH bound to: 0 - type: integer 
	Parameter C_USE_ECC_WRCH bound to: 0 - type: integer 
	Parameter C_USE_ECC_RACH bound to: 0 - type: integer 
	Parameter C_USE_ECC_RDCH bound to: 0 - type: integer 
	Parameter C_USE_ECC_AXIS bound to: 0 - type: integer 
	Parameter C_ERROR_INJECTION_TYPE_WACH bound to: 0 - type: integer 
	Parameter C_ERROR_INJECTION_TYPE_WDCH bound to: 0 - type: integer 
	Parameter C_ERROR_INJECTION_TYPE_WRCH bound to: 0 - type: integer 
	Parameter C_ERROR_INJECTION_TYPE_RACH bound to: 0 - type: integer 
	Parameter C_ERROR_INJECTION_TYPE_RDCH bound to: 0 - type: integer 
	Parameter C_ERROR_INJECTION_TYPE_AXIS bound to: 0 - type: integer 
	Parameter C_DIN_WIDTH_WACH bound to: 32 - type: integer 
	Parameter C_DIN_WIDTH_WDCH bound to: 64 - type: integer 
	Parameter C_DIN_WIDTH_WRCH bound to: 2 - type: integer 
	Parameter C_DIN_WIDTH_RACH bound to: 32 - type: integer 
	Parameter C_DIN_WIDTH_RDCH bound to: 64 - type: integer 
	Parameter C_DIN_WIDTH_AXIS bound to: 1 - type: integer 
	Parameter C_WR_DEPTH_WACH bound to: 16 - type: integer 
	Parameter C_WR_DEPTH_WDCH bound to: 1024 - type: integer 
	Parameter C_WR_DEPTH_WRCH bound to: 16 - type: integer 
	Parameter C_WR_DEPTH_RACH bound to: 16 - type: integer 
	Parameter C_WR_DEPTH_RDCH bound to: 1024 - type: integer 
	Parameter C_WR_DEPTH_AXIS bound to: 1024 - type: integer 
	Parameter C_WR_PNTR_WIDTH_WACH bound to: 4 - type: integer 
	Parameter C_WR_PNTR_WIDTH_WDCH bound to: 10 - type: integer 
	Parameter C_WR_PNTR_WIDTH_WRCH bound to: 4 - type: integer 
	Parameter C_WR_PNTR_WIDTH_RACH bound to: 4 - type: integer 
	Parameter C_WR_PNTR_WIDTH_RDCH bound to: 10 - type: integer 
	Parameter C_WR_PNTR_WIDTH_AXIS bound to: 10 - type: integer 
	Parameter C_HAS_DATA_COUNTS_WACH bound to: 0 - type: integer 
	Parameter C_HAS_DATA_COUNTS_WDCH bound to: 0 - type: integer 
	Parameter C_HAS_DATA_COUNTS_WRCH bound to: 0 - type: integer 
	Parameter C_HAS_DATA_COUNTS_RACH bound to: 0 - type: integer 
	Parameter C_HAS_DATA_COUNTS_RDCH bound to: 0 - type: integer 
	Parameter C_HAS_DATA_COUNTS_AXIS bound to: 0 - type: integer 
	Parameter C_HAS_PROG_FLAGS_WACH bound to: 0 - type: integer 
	Parameter C_HAS_PROG_FLAGS_WDCH bound to: 0 - type: integer 
	Parameter C_HAS_PROG_FLAGS_WRCH bound to: 0 - type: integer 
	Parameter C_HAS_PROG_FLAGS_RACH bound to: 0 - type: integer 
	Parameter C_HAS_PROG_FLAGS_RDCH bound to: 0 - type: integer 
	Parameter C_HAS_PROG_FLAGS_AXIS bound to: 0 - type: integer 
	Parameter C_PROG_FULL_TYPE_WACH bound to: 0 - type: integer 
	Parameter C_PROG_FULL_TYPE_WDCH bound to: 0 - type: integer 
	Parameter C_PROG_FULL_TYPE_WRCH bound to: 0 - type: integer 
	Parameter C_PROG_FULL_TYPE_RACH bound to: 0 - type: integer 
	Parameter C_PROG_FULL_TYPE_RDCH bound to: 0 - type: integer 
	Parameter C_PROG_FULL_TYPE_AXIS bound to: 0 - type: integer 
	Parameter C_PROG_FULL_THRESH_ASSERT_VAL_WACH bound to: 1023 - type: integer 
	Parameter C_PROG_FULL_THRESH_ASSERT_VAL_WDCH bound to: 1023 - type: integer 
	Parameter C_PROG_FULL_THRESH_ASSERT_VAL_WRCH bound to: 1023 - type: integer 
	Parameter C_PROG_FULL_THRESH_ASSERT_VAL_RACH bound to: 1023 - type: integer 
	Parameter C_PROG_FULL_THRESH_ASSERT_VAL_RDCH bound to: 1023 - type: integer 
	Parameter C_PROG_FULL_THRESH_ASSERT_VAL_AXIS bound to: 1023 - type: integer 
	Parameter C_PROG_EMPTY_TYPE_WACH bound to: 0 - type: integer 
	Parameter C_PROG_EMPTY_TYPE_WDCH bound to: 0 - type: integer 
	Parameter C_PROG_EMPTY_TYPE_WRCH bound to: 0 - type: integer 
	Parameter C_PROG_EMPTY_TYPE_RACH bound to: 0 - type: integer 
	Parameter C_PROG_EMPTY_TYPE_RDCH bound to: 0 - type: integer 
	Parameter C_PROG_EMPTY_TYPE_AXIS bound to: 0 - type: integer 
	Parameter C_PROG_EMPTY_THRESH_ASSERT_VAL_WACH bound to: 1022 - type: integer 
	Parameter C_PROG_EMPTY_THRESH_ASSERT_VAL_WDCH bound to: 1022 - type: integer 
	Parameter C_PROG_EMPTY_THRESH_ASSERT_VAL_WRCH bound to: 1022 - type: integer 
	Parameter C_PROG_EMPTY_THRESH_ASSERT_VAL_RACH bound to: 1022 - type: integer 
	Parameter C_PROG_EMPTY_THRESH_ASSERT_VAL_RDCH bound to: 1022 - type: integer 
	Parameter C_PROG_EMPTY_THRESH_ASSERT_VAL_AXIS bound to: 1022 - type: integer 
	Parameter C_REG_SLICE_MODE_WACH bound to: 0 - type: integer 
	Parameter C_REG_SLICE_MODE_WDCH bound to: 0 - type: integer 
	Parameter C_REG_SLICE_MODE_WRCH bound to: 0 - type: integer 
	Parameter C_REG_SLICE_MODE_RACH bound to: 0 - type: integer 
	Parameter C_REG_SLICE_MODE_RDCH bound to: 0 - type: integer 
	Parameter C_REG_SLICE_MODE_AXIS bound to: 0 - type: integer 
INFO: [Synth 8-3491] module 'fifo_generator_v12_0' declared at 'c:/custom_xilinx_ip/MyProcessorIPLib/pcores/axi_FPGA_configuration_controller_v1_00_a/project_1/project_1.srcs/sources_1/ip/config_data_FIFO/fifo_generator_v12_0/hdl/fifo_generator_v12_0.vhd:127' bound to instance 'U0' of component 'fifo_generator_v12_0' [c:/custom_xilinx_ip/MyProcessorIPLib/pcores/axi_FPGA_configuration_controller_v1_00_a/project_1/project_1.srcs/sources_1/ip/config_data_FIFO/synth/config_data_FIFO.vhd:531]
INFO: [Synth 8-638] synthesizing module 'fifo_generator_v12_0' [c:/custom_xilinx_ip/MyProcessorIPLib/pcores/axi_FPGA_configuration_controller_v1_00_a/project_1/project_1.srcs/sources_1/ip/config_data_FIFO/fifo_generator_v12_0/hdl/fifo_generator_v12_0.vhd:665]
	Parameter C_COMMON_CLOCK bound to: 0 - type: integer 
	Parameter C_COUNT_TYPE bound to: 0 - type: integer 
	Parameter C_DATA_COUNT_WIDTH bound to: 9 - type: integer 
	Parameter C_DEFAULT_VALUE bound to: BlankString - type: string 
	Parameter C_DIN_WIDTH bound to: 32 - type: integer 
	Parameter C_DOUT_RST_VAL bound to: 0 - type: string 
	Parameter C_DOUT_WIDTH bound to: 32 - type: integer 
	Parameter C_ENABLE_RLOCS bound to: 0 - type: integer 
	Parameter C_FAMILY bound to: zynq - type: string 
	Parameter C_FULL_FLAGS_RST_VAL bound to: 0 - type: integer 
	Parameter C_HAS_ALMOST_EMPTY bound to: 0 - type: integer 
	Parameter C_HAS_ALMOST_FULL bound to: 0 - type: integer 
	Parameter C_HAS_BACKUP bound to: 0 - type: integer 
	Parameter C_HAS_DATA_COUNT bound to: 0 - type: integer 
	Parameter C_HAS_INT_CLK bound to: 0 - type: integer 
	Parameter C_HAS_MEMINIT_FILE bound to: 0 - type: integer 
	Parameter C_HAS_OVERFLOW bound to: 0 - type: integer 
	Parameter C_HAS_RD_DATA_COUNT bound to: 0 - type: integer 
	Parameter C_HAS_RD_RST bound to: 0 - type: integer 
	Parameter C_HAS_RST bound to: 1 - type: integer 
	Parameter C_HAS_SRST bound to: 0 - type: integer 
	Parameter C_HAS_UNDERFLOW bound to: 0 - type: integer 
	Parameter C_HAS_VALID bound to: 0 - type: integer 
	Parameter C_HAS_WR_ACK bound to: 0 - type: integer 
	Parameter C_HAS_WR_DATA_COUNT bound to: 0 - type: integer 
	Parameter C_HAS_WR_RST bound to: 0 - type: integer 
	Parameter C_IMPLEMENTATION_TYPE bound to: 6 - type: integer 
	Parameter C_INIT_WR_PNTR_VAL bound to: 0 - type: integer 
	Parameter C_MEMORY_TYPE bound to: 4 - type: integer 
	Parameter C_MIF_FILE_NAME bound to: BlankString - type: string 
	Parameter C_OPTIMIZATION_MODE bound to: 0 - type: integer 
	Parameter C_OVERFLOW_LOW bound to: 0 - type: integer 
	Parameter C_PRELOAD_LATENCY bound to: 1 - type: integer 
	Parameter C_PRELOAD_REGS bound to: 0 - type: integer 
	Parameter C_PRIM_FIFO_TYPE bound to: 512x36 - type: string 
	Parameter C_PROG_EMPTY_THRESH_ASSERT_VAL bound to: 5 - type: integer 
	Parameter C_PROG_EMPTY_THRESH_NEGATE_VAL bound to: 6 - type: integer 
	Parameter C_PROG_EMPTY_TYPE bound to: 0 - type: integer 
	Parameter C_PROG_FULL_THRESH_ASSERT_VAL bound to: 480 - type: integer 
	Parameter C_PROG_FULL_THRESH_NEGATE_VAL bound to: 479 - type: integer 
	Parameter C_PROG_FULL_TYPE bound to: 1 - type: integer 
	Parameter C_RD_DATA_COUNT_WIDTH bound to: 9 - type: integer 
	Parameter C_RD_DEPTH bound to: 512 - type: integer 
	Parameter C_RD_FREQ bound to: 100 - type: integer 
	Parameter C_RD_PNTR_WIDTH bound to: 9 - type: integer 
	Parameter C_UNDERFLOW_LOW bound to: 0 - type: integer 
	Parameter C_USE_DOUT_RST bound to: 0 - type: integer 
	Parameter C_USE_ECC bound to: 0 - type: integer 
	Parameter C_USE_EMBEDDED_REG bound to: 0 - type: integer 
	Parameter C_USE_PIPELINE_REG bound to: 0 - type: integer 
	Parameter C_POWER_SAVING_MODE bound to: 0 - type: integer 
	Parameter C_USE_FIFO16_FLAGS bound to: 0 - type: integer 
	Parameter C_USE_FWFT_DATA_COUNT bound to: 0 - type: integer 
	Parameter C_VALID_LOW bound to: 0 - type: integer 
	Parameter C_WR_ACK_LOW bound to: 0 - type: integer 
	Parameter C_WR_DATA_COUNT_WIDTH bound to: 9 - type: integer 
	Parameter C_WR_DEPTH bound to: 512 - type: integer 
	Parameter C_WR_FREQ bound to: 1 - type: integer 
	Parameter C_WR_PNTR_WIDTH bound to: 9 - type: integer 
	Parameter C_WR_RESPONSE_LATENCY bound to: 1 - type: integer 
	Parameter C_MSGON_VAL bound to: 1 - type: integer 
	Parameter C_ENABLE_RST_SYNC bound to: 1 - type: integer 
	Parameter C_ERROR_INJECTION_TYPE bound to: 0 - type: integer 
	Parameter C_SYNCHRONIZER_STAGE bound to: 2 - type: integer 
	Parameter C_INTERFACE_TYPE bound to: 0 - type: integer 
	Parameter C_AXI_TYPE bound to: 1 - type: integer 
	Parameter C_HAS_AXI_WR_CHANNEL bound to: 1 - type: integer 
	Parameter C_HAS_AXI_RD_CHANNEL bound to: 1 - type: integer 
	Parameter C_HAS_SLAVE_CE bound to: 0 - type: integer 
	Parameter C_HAS_MASTER_CE bound to: 0 - type: integer 
	Parameter C_ADD_NGC_CONSTRAINT bound to: 0 - type: integer 
	Parameter C_USE_COMMON_OVERFLOW bound to: 0 - type: integer 
	Parameter C_USE_COMMON_UNDERFLOW bound to: 0 - type: integer 
	Parameter C_USE_DEFAULT_SETTINGS bound to: 0 - type: integer 
	Parameter C_AXI_ID_WIDTH bound to: 1 - type: integer 
	Parameter C_AXI_ADDR_WIDTH bound to: 32 - type: integer 
	Parameter C_AXI_DATA_WIDTH bound to: 64 - type: integer 
	Parameter C_AXI_LEN_WIDTH bound to: 8 - type: integer 
	Parameter C_AXI_LOCK_WIDTH bound to: 1 - type: integer 
	Parameter C_HAS_AXI_ID bound to: 0 - type: integer 
	Parameter C_HAS_AXI_AWUSER bound to: 0 - type: integer 
	Parameter C_HAS_AXI_WUSER bound to: 0 - type: integer 
	Parameter C_HAS_AXI_BUSER bound to: 0 - type: integer 
	Parameter C_HAS_AXI_ARUSER bound to: 0 - type: integer 
	Parameter C_HAS_AXI_RUSER bound to: 0 - type: integer 
	Parameter C_AXI_ARUSER_WIDTH bound to: 1 - type: integer 
	Parameter C_AXI_AWUSER_WIDTH bound to: 1 - type: integer 
	Parameter C_AXI_WUSER_WIDTH bound to: 1 - type: integer 
	Parameter C_AXI_BUSER_WIDTH bound to: 1 - type: integer 
	Parameter C_AXI_RUSER_WIDTH bound to: 1 - type: integer 
	Parameter C_HAS_AXIS_TDATA bound to: 1 - type: integer 
	Parameter C_HAS_AXIS_TID bound to: 0 - type: integer 
	Parameter C_HAS_AXIS_TDEST bound to: 0 - type: integer 
	Parameter C_HAS_AXIS_TUSER bound to: 1 - type: integer 
	Parameter C_HAS_AXIS_TREADY bound to: 1 - type: integer 
	Parameter C_HAS_AXIS_TLAST bound to: 0 - type: integer 
	Parameter C_HAS_AXIS_TSTRB bound to: 0 - type: integer 
	Parameter C_HAS_AXIS_TKEEP bound to: 0 - type: integer 
	Parameter C_AXIS_TDATA_WIDTH bound to: 8 - type: integer 
	Parameter C_AXIS_TID_WIDTH bound to: 1 - type: integer 
	Parameter C_AXIS_TDEST_WIDTH bound to: 1 - type: integer 
	Parameter C_AXIS_TUSER_WIDTH bound to: 4 - type: integer 
	Parameter C_AXIS_TSTRB_WIDTH bound to: 1 - type: integer 
	Parameter C_AXIS_TKEEP_WIDTH bound to: 1 - type: integer 
	Parameter C_WACH_TYPE bound to: 0 - type: integer 
	Parameter C_WDCH_TYPE bound to: 0 - type: integer 
	Parameter C_WRCH_TYPE bound to: 0 - type: integer 
	Parameter C_RACH_TYPE bound to: 0 - type: integer 
	Parameter C_RDCH_TYPE bound to: 0 - type: integer 
	Parameter C_AXIS_TYPE bound to: 0 - type: integer 
	Parameter C_IMPLEMENTATION_TYPE_WACH bound to: 1 - type: integer 
	Parameter C_IMPLEMENTATION_TYPE_WDCH bound to: 1 - type: integer 
	Parameter C_IMPLEMENTATION_TYPE_WRCH bound to: 1 - type: integer 
	Parameter C_IMPLEMENTATION_TYPE_RACH bound to: 1 - type: integer 
	Parameter C_IMPLEMENTATION_TYPE_RDCH bound to: 1 - type: integer 
	Parameter C_IMPLEMENTATION_TYPE_AXIS bound to: 1 - type: integer 
	Parameter C_APPLICATION_TYPE_WACH bound to: 0 - type: integer 
	Parameter C_APPLICATION_TYPE_WDCH bound to: 0 - type: integer 
	Parameter C_APPLICATION_TYPE_WRCH bound to: 0 - type: integer 
	Parameter C_APPLICATION_TYPE_RACH bound to: 0 - type: integer 
	Parameter C_APPLICATION_TYPE_RDCH bound to: 0 - type: integer 
	Parameter C_APPLICATION_TYPE_AXIS bound to: 0 - type: integer 
	Parameter C_PRIM_FIFO_TYPE_WACH bound to: 512x36 - type: string 
	Parameter C_PRIM_FIFO_TYPE_WDCH bound to: 1kx36 - type: string 
	Parameter C_PRIM_FIFO_TYPE_WRCH bound to: 512x36 - type: string 
	Parameter C_PRIM_FIFO_TYPE_RACH bound to: 512x36 - type: string 
	Parameter C_PRIM_FIFO_TYPE_RDCH bound to: 1kx36 - type: string 
	Parameter C_PRIM_FIFO_TYPE_AXIS bound to: 1kx18 - type: string 
	Parameter C_USE_ECC_WACH bound to: 0 - type: integer 
	Parameter C_USE_ECC_WDCH bound to: 0 - type: integer 
	Parameter C_USE_ECC_WRCH bound to: 0 - type: integer 
	Parameter C_USE_ECC_RACH bound to: 0 - type: integer 
	Parameter C_USE_ECC_RDCH bound to: 0 - type: integer 
	Parameter C_USE_ECC_AXIS bound to: 0 - type: integer 
	Parameter C_ERROR_INJECTION_TYPE_WACH bound to: 0 - type: integer 
	Parameter C_ERROR_INJECTION_TYPE_WDCH bound to: 0 - type: integer 
	Parameter C_ERROR_INJECTION_TYPE_WRCH bound to: 0 - type: integer 
	Parameter C_ERROR_INJECTION_TYPE_RACH bound to: 0 - type: integer 
	Parameter C_ERROR_INJECTION_TYPE_RDCH bound to: 0 - type: integer 
	Parameter C_ERROR_INJECTION_TYPE_AXIS bound to: 0 - type: integer 
	Parameter C_DIN_WIDTH_WACH bound to: 32 - type: integer 
	Parameter C_DIN_WIDTH_WDCH bound to: 64 - type: integer 
	Parameter C_DIN_WIDTH_WRCH bound to: 2 - type: integer 
	Parameter C_DIN_WIDTH_RACH bound to: 32 - type: integer 
	Parameter C_DIN_WIDTH_RDCH bound to: 64 - type: integer 
	Parameter C_DIN_WIDTH_AXIS bound to: 1 - type: integer 
	Parameter C_WR_DEPTH_WACH bound to: 16 - type: integer 
	Parameter C_WR_DEPTH_WDCH bound to: 1024 - type: integer 
	Parameter C_WR_DEPTH_WRCH bound to: 16 - type: integer 
	Parameter C_WR_DEPTH_RACH bound to: 16 - type: integer 
	Parameter C_WR_DEPTH_RDCH bound to: 1024 - type: integer 
	Parameter C_WR_DEPTH_AXIS bound to: 1024 - type: integer 
	Parameter C_WR_PNTR_WIDTH_WACH bound to: 4 - type: integer 
	Parameter C_WR_PNTR_WIDTH_WDCH bound to: 10 - type: integer 
	Parameter C_WR_PNTR_WIDTH_WRCH bound to: 4 - type: integer 
	Parameter C_WR_PNTR_WIDTH_RACH bound to: 4 - type: integer 
	Parameter C_WR_PNTR_WIDTH_RDCH bound to: 10 - type: integer 
	Parameter C_WR_PNTR_WIDTH_AXIS bound to: 10 - type: integer 
	Parameter C_HAS_DATA_COUNTS_WACH bound to: 0 - type: integer 
	Parameter C_HAS_DATA_COUNTS_WDCH bound to: 0 - type: integer 
	Parameter C_HAS_DATA_COUNTS_WRCH bound to: 0 - type: integer 
	Parameter C_HAS_DATA_COUNTS_RACH bound to: 0 - type: integer 
	Parameter C_HAS_DATA_COUNTS_RDCH bound to: 0 - type: integer 
	Parameter C_HAS_DATA_COUNTS_AXIS bound to: 0 - type: integer 
	Parameter C_HAS_PROG_FLAGS_WACH bound to: 0 - type: integer 
	Parameter C_HAS_PROG_FLAGS_WDCH bound to: 0 - type: integer 
	Parameter C_HAS_PROG_FLAGS_WRCH bound to: 0 - type: integer 
	Parameter C_HAS_PROG_FLAGS_RACH bound to: 0 - type: integer 
	Parameter C_HAS_PROG_FLAGS_RDCH bound to: 0 - type: integer 
	Parameter C_HAS_PROG_FLAGS_AXIS bound to: 0 - type: integer 
	Parameter C_PROG_FULL_TYPE_WACH bound to: 0 - type: integer 
	Parameter C_PROG_FULL_TYPE_WDCH bound to: 0 - type: integer 
	Parameter C_PROG_FULL_TYPE_WRCH bound to: 0 - type: integer 
	Parameter C_PROG_FULL_TYPE_RACH bound to: 0 - type: integer 
	Parameter C_PROG_FULL_TYPE_RDCH bound to: 0 - type: integer 
	Parameter C_PROG_FULL_TYPE_AXIS bound to: 0 - type: integer 
	Parameter C_PROG_FULL_THRESH_ASSERT_VAL_WACH bound to: 1023 - type: integer 
	Parameter C_PROG_FULL_THRESH_ASSERT_VAL_WDCH bound to: 1023 - type: integer 
	Parameter C_PROG_FULL_THRESH_ASSERT_VAL_WRCH bound to: 1023 - type: integer 
	Parameter C_PROG_FULL_THRESH_ASSERT_VAL_RACH bound to: 1023 - type: integer 
	Parameter C_PROG_FULL_THRESH_ASSERT_VAL_RDCH bound to: 1023 - type: integer 
	Parameter C_PROG_FULL_THRESH_ASSERT_VAL_AXIS bound to: 1023 - type: integer 
	Parameter C_PROG_EMPTY_TYPE_WACH bound to: 0 - type: integer 
	Parameter C_PROG_EMPTY_TYPE_WDCH bound to: 0 - type: integer 
	Parameter C_PROG_EMPTY_TYPE_WRCH bound to: 0 - type: integer 
	Parameter C_PROG_EMPTY_TYPE_RACH bound to: 0 - type: integer 
	Parameter C_PROG_EMPTY_TYPE_RDCH bound to: 0 - type: integer 
	Parameter C_PROG_EMPTY_TYPE_AXIS bound to: 0 - type: integer 
	Parameter C_PROG_EMPTY_THRESH_ASSERT_VAL_WACH bound to: 1022 - type: integer 
	Parameter C_PROG_EMPTY_THRESH_ASSERT_VAL_WDCH bound to: 1022 - type: integer 
	Parameter C_PROG_EMPTY_THRESH_ASSERT_VAL_WRCH bound to: 1022 - type: integer 
	Parameter C_PROG_EMPTY_THRESH_ASSERT_VAL_RACH bound to: 1022 - type: integer 
	Parameter C_PROG_EMPTY_THRESH_ASSERT_VAL_RDCH bound to: 1022 - type: integer 
	Parameter C_PROG_EMPTY_THRESH_ASSERT_VAL_AXIS bound to: 1022 - type: integer 
	Parameter C_REG_SLICE_MODE_WACH bound to: 0 - type: integer 
	Parameter C_REG_SLICE_MODE_WDCH bound to: 0 - type: integer 
	Parameter C_REG_SLICE_MODE_WRCH bound to: 0 - type: integer 
	Parameter C_REG_SLICE_MODE_RACH bound to: 0 - type: integer 
	Parameter C_REG_SLICE_MODE_RDCH bound to: 0 - type: integer 
	Parameter C_REG_SLICE_MODE_AXIS bound to: 0 - type: integer 
INFO: [Synth 8-638] synthesizing module 'fifo_generator_v12_0_synth' [c:/custom_xilinx_ip/MyProcessorIPLib/pcores/axi_FPGA_configuration_controller_v1_00_a/project_1/project_1.srcs/sources_1/ip/config_data_FIFO/fifo_generator_v12_0/hdl/fifo_generator_v12_0_vhsyn_rfs.vhd:33314]
	Parameter C_COMMON_CLOCK bound to: 0 - type: integer 
	Parameter C_COUNT_TYPE bound to: 0 - type: integer 
	Parameter C_DATA_COUNT_WIDTH bound to: 9 - type: integer 
	Parameter C_DEFAULT_VALUE bound to: BlankString - type: string 
	Parameter C_DIN_WIDTH bound to: 32 - type: integer 
	Parameter C_DOUT_RST_VAL bound to: 0 - type: string 
	Parameter C_DOUT_WIDTH bound to: 32 - type: integer 
	Parameter C_ENABLE_RLOCS bound to: 0 - type: integer 
	Parameter C_FAMILY bound to: zynq - type: string 
	Parameter C_FULL_FLAGS_RST_VAL bound to: 0 - type: integer 
	Parameter C_HAS_ALMOST_EMPTY bound to: 0 - type: integer 
	Parameter C_HAS_ALMOST_FULL bound to: 0 - type: integer 
	Parameter C_HAS_BACKUP bound to: 0 - type: integer 
	Parameter C_HAS_DATA_COUNT bound to: 0 - type: integer 
	Parameter C_HAS_INT_CLK bound to: 0 - type: integer 
	Parameter C_HAS_MEMINIT_FILE bound to: 0 - type: integer 
	Parameter C_HAS_OVERFLOW bound to: 0 - type: integer 
	Parameter C_HAS_RD_DATA_COUNT bound to: 0 - type: integer 
	Parameter C_HAS_RD_RST bound to: 0 - type: integer 
	Parameter C_HAS_RST bound to: 1 - type: integer 
	Parameter C_HAS_SRST bound to: 0 - type: integer 
	Parameter C_HAS_UNDERFLOW bound to: 0 - type: integer 
	Parameter C_HAS_VALID bound to: 0 - type: integer 
	Parameter C_HAS_WR_ACK bound to: 0 - type: integer 
	Parameter C_HAS_WR_DATA_COUNT bound to: 0 - type: integer 
	Parameter C_HAS_WR_RST bound to: 0 - type: integer 
	Parameter C_IMPLEMENTATION_TYPE bound to: 6 - type: integer 
	Parameter C_INIT_WR_PNTR_VAL bound to: 0 - type: integer 
	Parameter C_MEMORY_TYPE bound to: 4 - type: integer 
	Parameter C_MIF_FILE_NAME bound to: BlankString - type: string 
	Parameter C_OPTIMIZATION_MODE bound to: 0 - type: integer 
	Parameter C_OVERFLOW_LOW bound to: 0 - type: integer 
	Parameter C_PRELOAD_LATENCY bound to: 1 - type: integer 
	Parameter C_PRELOAD_REGS bound to: 0 - type: integer 
	Parameter C_PRIM_FIFO_TYPE bound to: 512x36 - type: string 
	Parameter C_PROG_EMPTY_THRESH_ASSERT_VAL bound to: 5 - type: integer 
	Parameter C_PROG_EMPTY_THRESH_NEGATE_VAL bound to: 6 - type: integer 
	Parameter C_PROG_EMPTY_TYPE bound to: 0 - type: integer 
	Parameter C_PROG_FULL_THRESH_ASSERT_VAL bound to: 480 - type: integer 
	Parameter C_PROG_FULL_THRESH_NEGATE_VAL bound to: 479 - type: integer 
	Parameter C_PROG_FULL_TYPE bound to: 1 - type: integer 
	Parameter C_RD_DATA_COUNT_WIDTH bound to: 9 - type: integer 
	Parameter C_RD_DEPTH bound to: 512 - type: integer 
	Parameter C_RD_FREQ bound to: 100 - type: integer 
	Parameter C_RD_PNTR_WIDTH bound to: 9 - type: integer 
	Parameter C_UNDERFLOW_LOW bound to: 0 - type: integer 
	Parameter C_USE_DOUT_RST bound to: 0 - type: integer 
	Parameter C_USE_ECC bound to: 0 - type: integer 
	Parameter C_USE_EMBEDDED_REG bound to: 0 - type: integer 
	Parameter C_USE_PIPELINE_REG bound to: 0 - type: integer 
	Parameter C_POWER_SAVING_MODE bound to: 0 - type: integer 
	Parameter C_USE_FIFO16_FLAGS bound to: 0 - type: integer 
	Parameter C_USE_FWFT_DATA_COUNT bound to: 0 - type: integer 
	Parameter C_VALID_LOW bound to: 0 - type: integer 
	Parameter C_WR_ACK_LOW bound to: 0 - type: integer 
	Parameter C_WR_DATA_COUNT_WIDTH bound to: 9 - type: integer 
	Parameter C_WR_DEPTH bound to: 512 - type: integer 
	Parameter C_WR_FREQ bound to: 1 - type: integer 
	Parameter C_WR_PNTR_WIDTH bound to: 9 - type: integer 
	Parameter C_WR_RESPONSE_LATENCY bound to: 1 - type: integer 
	Parameter C_MSGON_VAL bound to: 1 - type: integer 
	Parameter C_ENABLE_RST_SYNC bound to: 1 - type: integer 
	Parameter C_ERROR_INJECTION_TYPE bound to: 0 - type: integer 
	Parameter C_SYNCHRONIZER_STAGE bound to: 2 - type: integer 
	Parameter C_INTERFACE_TYPE bound to: 0 - type: integer 
	Parameter C_AXI_TYPE bound to: 1 - type: integer 
	Parameter C_HAS_AXI_WR_CHANNEL bound to: 1 - type: integer 
	Parameter C_HAS_AXI_RD_CHANNEL bound to: 1 - type: integer 
	Parameter C_HAS_SLAVE_CE bound to: 0 - type: integer 
	Parameter C_HAS_MASTER_CE bound to: 0 - type: integer 
	Parameter C_ADD_NGC_CONSTRAINT bound to: 0 - type: integer 
	Parameter C_USE_COMMON_OVERFLOW bound to: 0 - type: integer 
	Parameter C_USE_COMMON_UNDERFLOW bound to: 0 - type: integer 
	Parameter C_USE_DEFAULT_SETTINGS bound to: 0 - type: integer 
	Parameter C_AXI_ID_WIDTH bound to: 1 - type: integer 
	Parameter C_AXI_ADDR_WIDTH bound to: 32 - type: integer 
	Parameter C_AXI_DATA_WIDTH bound to: 64 - type: integer 
	Parameter C_AXI_LEN_WIDTH bound to: 8 - type: integer 
	Parameter C_AXI_LOCK_WIDTH bound to: 1 - type: integer 
	Parameter C_HAS_AXI_ID bound to: 0 - type: integer 
	Parameter C_HAS_AXI_AWUSER bound to: 0 - type: integer 
	Parameter C_HAS_AXI_WUSER bound to: 0 - type: integer 
	Parameter C_HAS_AXI_BUSER bound to: 0 - type: integer 
	Parameter C_HAS_AXI_ARUSER bound to: 0 - type: integer 
	Parameter C_HAS_AXI_RUSER bound to: 0 - type: integer 
	Parameter C_AXI_ARUSER_WIDTH bound to: 1 - type: integer 
	Parameter C_AXI_AWUSER_WIDTH bound to: 1 - type: integer 
	Parameter C_AXI_WUSER_WIDTH bound to: 1 - type: integer 
	Parameter C_AXI_BUSER_WIDTH bound to: 1 - type: integer 
	Parameter C_AXI_RUSER_WIDTH bound to: 1 - type: integer 
	Parameter C_HAS_AXIS_TDATA bound to: 1 - type: integer 
	Parameter C_HAS_AXIS_TID bound to: 0 - type: integer 
	Parameter C_HAS_AXIS_TDEST bound to: 0 - type: integer 
	Parameter C_HAS_AXIS_TUSER bound to: 1 - type: integer 
	Parameter C_HAS_AXIS_TREADY bound to: 1 - type: integer 
	Parameter C_HAS_AXIS_TLAST bound to: 0 - type: integer 
	Parameter C_HAS_AXIS_TSTRB bound to: 0 - type: integer 
	Parameter C_HAS_AXIS_TKEEP bound to: 0 - type: integer 
	Parameter C_AXIS_TDATA_WIDTH bound to: 8 - type: integer 
	Parameter C_AXIS_TID_WIDTH bound to: 1 - type: integer 
	Parameter C_AXIS_TDEST_WIDTH bound to: 1 - type: integer 
	Parameter C_AXIS_TUSER_WIDTH bound to: 4 - type: integer 
	Parameter C_AXIS_TSTRB_WIDTH bound to: 1 - type: integer 
	Parameter C_AXIS_TKEEP_WIDTH bound to: 1 - type: integer 
	Parameter C_WACH_TYPE bound to: 0 - type: integer 
	Parameter C_WDCH_TYPE bound to: 0 - type: integer 
	Parameter C_WRCH_TYPE bound to: 0 - type: integer 
	Parameter C_RACH_TYPE bound to: 0 - type: integer 
	Parameter C_RDCH_TYPE bound to: 0 - type: integer 
	Parameter C_AXIS_TYPE bound to: 0 - type: integer 
	Parameter C_IMPLEMENTATION_TYPE_WACH bound to: 1 - type: integer 
	Parameter C_IMPLEMENTATION_TYPE_WDCH bound to: 1 - type: integer 
	Parameter C_IMPLEMENTATION_TYPE_WRCH bound to: 1 - type: integer 
	Parameter C_IMPLEMENTATION_TYPE_RACH bound to: 1 - type: integer 
	Parameter C_IMPLEMENTATION_TYPE_RDCH bound to: 1 - type: integer 
	Parameter C_IMPLEMENTATION_TYPE_AXIS bound to: 1 - type: integer 
	Parameter C_APPLICATION_TYPE_WACH bound to: 0 - type: integer 
	Parameter C_APPLICATION_TYPE_WDCH bound to: 0 - type: integer 
	Parameter C_APPLICATION_TYPE_WRCH bound to: 0 - type: integer 
	Parameter C_APPLICATION_TYPE_RACH bound to: 0 - type: integer 
	Parameter C_APPLICATION_TYPE_RDCH bound to: 0 - type: integer 
	Parameter C_APPLICATION_TYPE_AXIS bound to: 0 - type: integer 
	Parameter C_PRIM_FIFO_TYPE_WACH bound to: 512x36 - type: string 
	Parameter C_PRIM_FIFO_TYPE_WDCH bound to: 1kx36 - type: string 
	Parameter C_PRIM_FIFO_TYPE_WRCH bound to: 512x36 - type: string 
	Parameter C_PRIM_FIFO_TYPE_RACH bound to: 512x36 - type: string 
	Parameter C_PRIM_FIFO_TYPE_RDCH bound to: 1kx36 - type: string 
	Parameter C_PRIM_FIFO_TYPE_AXIS bound to: 1kx18 - type: string 
	Parameter C_USE_ECC_WACH bound to: 0 - type: integer 
	Parameter C_USE_ECC_WDCH bound to: 0 - type: integer 
	Parameter C_USE_ECC_WRCH bound to: 0 - type: integer 
	Parameter C_USE_ECC_RACH bound to: 0 - type: integer 
	Parameter C_USE_ECC_RDCH bound to: 0 - type: integer 
	Parameter C_USE_ECC_AXIS bound to: 0 - type: integer 
	Parameter C_ERROR_INJECTION_TYPE_WACH bound to: 0 - type: integer 
	Parameter C_ERROR_INJECTION_TYPE_WDCH bound to: 0 - type: integer 
	Parameter C_ERROR_INJECTION_TYPE_WRCH bound to: 0 - type: integer 
	Parameter C_ERROR_INJECTION_TYPE_RACH bound to: 0 - type: integer 
	Parameter C_ERROR_INJECTION_TYPE_RDCH bound to: 0 - type: integer 
	Parameter C_ERROR_INJECTION_TYPE_AXIS bound to: 0 - type: integer 
	Parameter C_DIN_WIDTH_WACH bound to: 32 - type: integer 
	Parameter C_DIN_WIDTH_WDCH bound to: 64 - type: integer 
	Parameter C_DIN_WIDTH_WRCH bound to: 2 - type: integer 
	Parameter C_DIN_WIDTH_RACH bound to: 32 - type: integer 
	Parameter C_DIN_WIDTH_RDCH bound to: 64 - type: integer 
	Parameter C_DIN_WIDTH_AXIS bound to: 1 - type: integer 
	Parameter C_WR_DEPTH_WACH bound to: 16 - type: integer 
	Parameter C_WR_DEPTH_WDCH bound to: 1024 - type: integer 
	Parameter C_WR_DEPTH_WRCH bound to: 16 - type: integer 
	Parameter C_WR_DEPTH_RACH bound to: 16 - type: integer 
	Parameter C_WR_DEPTH_RDCH bound to: 1024 - type: integer 
	Parameter C_WR_DEPTH_AXIS bound to: 1024 - type: integer 
	Parameter C_WR_PNTR_WIDTH_WACH bound to: 4 - type: integer 
	Parameter C_WR_PNTR_WIDTH_WDCH bound to: 10 - type: integer 
	Parameter C_WR_PNTR_WIDTH_WRCH bound to: 4 - type: integer 
	Parameter C_WR_PNTR_WIDTH_RACH bound to: 4 - type: integer 
	Parameter C_WR_PNTR_WIDTH_RDCH bound to: 10 - type: integer 
	Parameter C_WR_PNTR_WIDTH_AXIS bound to: 10 - type: integer 
	Parameter C_HAS_DATA_COUNTS_WACH bound to: 0 - type: integer 
	Parameter C_HAS_DATA_COUNTS_WDCH bound to: 0 - type: integer 
	Parameter C_HAS_DATA_COUNTS_WRCH bound to: 0 - type: integer 
	Parameter C_HAS_DATA_COUNTS_RACH bound to: 0 - type: integer 
	Parameter C_HAS_DATA_COUNTS_RDCH bound to: 0 - type: integer 
	Parameter C_HAS_DATA_COUNTS_AXIS bound to: 0 - type: integer 
	Parameter C_HAS_PROG_FLAGS_WACH bound to: 0 - type: integer 
	Parameter C_HAS_PROG_FLAGS_WDCH bound to: 0 - type: integer 
	Parameter C_HAS_PROG_FLAGS_WRCH bound to: 0 - type: integer 
	Parameter C_HAS_PROG_FLAGS_RACH bound to: 0 - type: integer 
	Parameter C_HAS_PROG_FLAGS_RDCH bound to: 0 - type: integer 
	Parameter C_HAS_PROG_FLAGS_AXIS bound to: 0 - type: integer 
	Parameter C_PROG_FULL_TYPE_WACH bound to: 0 - type: integer 
	Parameter C_PROG_FULL_TYPE_WDCH bound to: 0 - type: integer 
	Parameter C_PROG_FULL_TYPE_WRCH bound to: 0 - type: integer 
	Parameter C_PROG_FULL_TYPE_RACH bound to: 0 - type: integer 
	Parameter C_PROG_FULL_TYPE_RDCH bound to: 0 - type: integer 
	Parameter C_PROG_FULL_TYPE_AXIS bound to: 0 - type: integer 
	Parameter C_PROG_FULL_THRESH_ASSERT_VAL_WACH bound to: 1023 - type: integer 
	Parameter C_PROG_FULL_THRESH_ASSERT_VAL_WDCH bound to: 1023 - type: integer 
	Parameter C_PROG_FULL_THRESH_ASSERT_VAL_WRCH bound to: 1023 - type: integer 
	Parameter C_PROG_FULL_THRESH_ASSERT_VAL_RACH bound to: 1023 - type: integer 
	Parameter C_PROG_FULL_THRESH_ASSERT_VAL_RDCH bound to: 1023 - type: integer 
	Parameter C_PROG_FULL_THRESH_ASSERT_VAL_AXIS bound to: 1023 - type: integer 
	Parameter C_PROG_EMPTY_TYPE_WACH bound to: 0 - type: integer 
	Parameter C_PROG_EMPTY_TYPE_WDCH bound to: 0 - type: integer 
	Parameter C_PROG_EMPTY_TYPE_WRCH bound to: 0 - type: integer 
	Parameter C_PROG_EMPTY_TYPE_RACH bound to: 0 - type: integer 
	Parameter C_PROG_EMPTY_TYPE_RDCH bound to: 0 - type: integer 
	Parameter C_PROG_EMPTY_TYPE_AXIS bound to: 0 - type: integer 
	Parameter C_PROG_EMPTY_THRESH_ASSERT_VAL_WACH bound to: 1022 - type: integer 
	Parameter C_PROG_EMPTY_THRESH_ASSERT_VAL_WDCH bound to: 1022 - type: integer 
	Parameter C_PROG_EMPTY_THRESH_ASSERT_VAL_WRCH bound to: 1022 - type: integer 
	Parameter C_PROG_EMPTY_THRESH_ASSERT_VAL_RACH bound to: 1022 - type: integer 
	Parameter C_PROG_EMPTY_THRESH_ASSERT_VAL_RDCH bound to: 1022 - type: integer 
	Parameter C_PROG_EMPTY_THRESH_ASSERT_VAL_AXIS bound to: 1022 - type: integer 
	Parameter C_REG_SLICE_MODE_WACH bound to: 0 - type: integer 
	Parameter C_REG_SLICE_MODE_WDCH bound to: 0 - type: integer 
	Parameter C_REG_SLICE_MODE_WRCH bound to: 0 - type: integer 
	Parameter C_REG_SLICE_MODE_RACH bound to: 0 - type: integer 
	Parameter C_REG_SLICE_MODE_RDCH bound to: 0 - type: integer 
	Parameter C_REG_SLICE_MODE_AXIS bound to: 0 - type: integer 
WARNING: [Synth 8-312] ignoring unsynthesizable construct: assertion statement [c:/custom_xilinx_ip/MyProcessorIPLib/pcores/axi_FPGA_configuration_controller_v1_00_a/project_1/project_1.srcs/sources_1/ip/config_data_FIFO/fifo_generator_v12_0/hdl/fifo_generator_v12_0_vhsyn_rfs.vhd:33373]
INFO: [Synth 8-638] synthesizing module 'fifo_generator_top' [c:/custom_xilinx_ip/MyProcessorIPLib/pcores/axi_FPGA_configuration_controller_v1_00_a/project_1/project_1.srcs/sources_1/ip/config_data_FIFO/fifo_generator_v12_0/hdl/fifo_generator_v12_0_vhsyn_rfs.vhd:32083]
	Parameter C_FAMILY bound to: zynq - type: string 
	Parameter C_COMMON_CLOCK bound to: 0 - type: integer 
	Parameter C_MEMORY_TYPE bound to: 4 - type: integer 
	Parameter C_IMPLEMENTATION_TYPE bound to: 6 - type: integer 
	Parameter C_PRELOAD_REGS bound to: 0 - type: integer 
	Parameter C_PRELOAD_LATENCY bound to: 1 - type: integer 
	Parameter C_DIN_WIDTH bound to: 32 - type: integer 
	Parameter C_WR_DEPTH bound to: 512 - type: integer 
	Parameter C_WR_PNTR_WIDTH bound to: 9 - type: integer 
	Parameter C_DOUT_WIDTH bound to: 32 - type: integer 
	Parameter C_RD_DEPTH bound to: 512 - type: integer 
	Parameter C_RD_PNTR_WIDTH bound to: 9 - type: integer 
	Parameter C_PROG_FULL_TYPE bound to: 1 - type: integer 
	Parameter C_PROG_FULL_THRESH_ASSERT_VAL bound to: 480 - type: integer 
	Parameter C_PROG_FULL_THRESH_NEGATE_VAL bound to: 479 - type: integer 
	Parameter C_PROG_EMPTY_TYPE bound to: 0 - type: integer 
	Parameter C_PROG_EMPTY_THRESH_ASSERT_VAL bound to: 5 - type: integer 
	Parameter C_PROG_EMPTY_THRESH_NEGATE_VAL bound to: 6 - type: integer 
	Parameter C_USE_ECC bound to: 0 - type: integer 
	Parameter C_ERROR_INJECTION_TYPE bound to: 0 - type: integer 
	Parameter C_HAS_ALMOST_EMPTY bound to: 0 - type: integer 
	Parameter C_HAS_ALMOST_FULL bound to: 0 - type: integer 
	Parameter C_PRIM_FIFO_TYPE bound to: 512x36 - type: string 
	Parameter C_FIFO_TYPE bound to: 0 - type: integer 
	Parameter C_USE_SYNC_CLK bound to: 0 - type: integer 
	Parameter C_BYTE_STRB_WIDTH bound to: 8 - type: integer 
	Parameter C_USE_INPUT_CE bound to: 0 - type: integer 
	Parameter C_USE_OUTPUT_CE bound to: 0 - type: integer 
	Parameter C_INTERFACE_TYPE bound to: 0 - type: integer 
	Parameter C_AXI_TYPE bound to: 0 - type: integer 
	Parameter C_HAS_WR_RST bound to: 0 - type: integer 
	Parameter C_HAS_RD_RST bound to: 0 - type: integer 
	Parameter C_HAS_RST bound to: 1 - type: integer 
	Parameter C_HAS_SRST bound to: 0 - type: integer 
	Parameter C_DOUT_RST_VAL bound to: 0 - type: string 
	Parameter C_HAS_VALID bound to: 0 - type: integer 
	Parameter C_VALID_LOW bound to: 0 - type: integer 
	Parameter C_HAS_UNDERFLOW bound to: 0 - type: integer 
	Parameter C_UNDERFLOW_LOW bound to: 0 - type: integer 
	Parameter C_HAS_WR_ACK bound to: 0 - type: integer 
	Parameter C_WR_ACK_LOW bound to: 0 - type: integer 
	Parameter C_HAS_OVERFLOW bound to: 0 - type: integer 
	Parameter C_OVERFLOW_LOW bound to: 0 - type: integer 
	Parameter C_HAS_DATA_COUNT bound to: 0 - type: integer 
	Parameter C_DATA_COUNT_WIDTH bound to: 9 - type: integer 
	Parameter C_HAS_RD_DATA_COUNT bound to: 0 - type: integer 
	Parameter C_RD_DATA_COUNT_WIDTH bound to: 9 - type: integer 
	Parameter C_USE_FWFT_DATA_COUNT bound to: 0 - type: integer 
	Parameter C_HAS_WR_DATA_COUNT bound to: 0 - type: integer 
	Parameter C_WR_DATA_COUNT_WIDTH bound to: 9 - type: integer 
	Parameter C_FULL_FLAGS_RST_VAL bound to: 0 - type: integer 
	Parameter C_USE_EMBEDDED_REG bound to: 0 - type: integer 
	Parameter C_USE_PIPELINE_REG bound to: 0 - type: integer 
	Parameter C_POWER_SAVING_MODE bound to: 0 - type: integer 
	Parameter C_USE_DOUT_RST bound to: 0 - type: integer 
	Parameter C_MSGON_VAL bound to: 1 - type: integer 
	Parameter C_ENABLE_RST_SYNC bound to: 1 - type: integer 
	Parameter C_SYNCHRONIZER_STAGE bound to: 2 - type: integer 
	Parameter C_COUNT_TYPE bound to: 0 - type: integer 
	Parameter C_DEFAULT_VALUE bound to: BlankString - type: string 
	Parameter C_ENABLE_RLOCS bound to: 0 - type: integer 
	Parameter C_HAS_BACKUP bound to: 0 - type: integer 
	Parameter C_HAS_INT_CLK bound to: 0 - type: integer 
	Parameter C_HAS_MEMINIT_FILE bound to: 0 - type: integer 
	Parameter C_INIT_WR_PNTR_VAL bound to: 0 - type: integer 
	Parameter C_MIF_FILE_NAME bound to: BlankString - type: string 
	Parameter C_OPTIMIZATION_MODE bound to: 0 - type: integer 
	Parameter C_RD_FREQ bound to: 100 - type: integer 
	Parameter C_USE_FIFO16_FLAGS bound to: 0 - type: integer 
	Parameter C_WR_FREQ bound to: 1 - type: integer 
	Parameter C_WR_RESPONSE_LATENCY bound to: 1 - type: integer 
WARNING: [Synth 8-312] ignoring unsynthesizable construct: assertion statement [c:/custom_xilinx_ip/MyProcessorIPLib/pcores/axi_FPGA_configuration_controller_v1_00_a/project_1/project_1.srcs/sources_1/ip/config_data_FIFO/fifo_generator_v12_0/hdl/fifo_generator_v12_0_vhsyn_rfs.vhd:32273]
INFO: [Synth 8-638] synthesizing module 'fifo_generator_v12_0_builtin' [c:/custom_xilinx_ip/MyProcessorIPLib/pcores/axi_FPGA_configuration_controller_v1_00_a/project_1/project_1.srcs/sources_1/ip/config_data_FIFO/fifo_generator_v12_0/hdl/fifo_generator_v12_0_vhsyn_rfs.vhd:31298]
	Parameter C_FAMILY bound to: zynq - type: string 
	Parameter C_IMPLEMENTATION_TYPE bound to: 6 - type: integer 
	Parameter C_PRIM_FIFO_TYPE bound to: 512x36 - type: string 
	Parameter C_COMMON_CLOCK bound to: 0 - type: integer 
	Parameter C_INTERFACE_TYPE bound to: 0 - type: integer 
	Parameter C_WR_FREQ bound to: 1 - type: integer 
	Parameter C_RD_FREQ bound to: 100 - type: integer 
	Parameter C_DIN_WIDTH bound to: 32 - type: integer 
	Parameter C_DOUT_WIDTH bound to: 32 - type: integer 
	Parameter C_WR_DEPTH bound to: 512 - type: integer 
	Parameter C_RD_DEPTH bound to: 512 - type: integer 
	Parameter C_RD_PNTR_WIDTH bound to: 9 - type: integer 
	Parameter C_WR_PNTR_WIDTH bound to: 9 - type: integer 
	Parameter C_HAS_ALMOST_FULL bound to: 0 - type: integer 
	Parameter C_HAS_ALMOST_EMPTY bound to: 0 - type: integer 
	Parameter C_HAS_INT_CLK bound to: 0 - type: integer 
	Parameter C_HAS_WR_ACK bound to: 0 - type: integer 
	Parameter C_HAS_VALID bound to: 0 - type: integer 
	Parameter C_HAS_OVERFLOW bound to: 0 - type: integer 
	Parameter C_HAS_UNDERFLOW bound to: 0 - type: integer 
	Parameter C_WR_ACK_LOW bound to: 0 - type: integer 
	Parameter C_VALID_LOW bound to: 0 - type: integer 
	Parameter C_OVERFLOW_LOW bound to: 0 - type: integer 
	Parameter C_UNDERFLOW_LOW bound to: 0 - type: integer 
	Parameter C_PRELOAD_REGS bound to: 0 - type: integer 
	Parameter C_PRELOAD_LATENCY bound to: 1 - type: integer 
	Parameter C_PROG_FULL_TYPE bound to: 1 - type: integer 
	Parameter C_PROG_FULL_THRESH_ASSERT_VAL bound to: 480 - type: integer 
	Parameter C_PROG_FULL_THRESH_NEGATE_VAL bound to: 479 - type: integer 
	Parameter C_PROG_EMPTY_TYPE bound to: 0 - type: integer 
	Parameter C_PROG_EMPTY_THRESH_ASSERT_VAL bound to: 5 - type: integer 
	Parameter C_PROG_EMPTY_THRESH_NEGATE_VAL bound to: 6 - type: integer 
	Parameter C_RATIO_DEPTH_RD bound to: 1 - type: integer 
	Parameter C_RATIO_DEPTH_WR bound to: 1 - type: integer 
	Parameter C_HAS_DATA_COUNT bound to: 0 - type: integer 
	Parameter C_HAS_WR_DATA_COUNT bound to: 0 - type: integer 
	Parameter C_HAS_RD_DATA_COUNT bound to: 0 - type: integer 
	Parameter C_USE_ECC bound to: 0 - type: integer 
	Parameter C_USE_EMBEDDED_REG bound to: 0 - type: integer 
	Parameter C_USE_PIPELINE_REG bound to: 0 - type: integer 
	Parameter C_USE_DOUT_RST bound to: 0 - type: integer 
	Parameter C_MSGON_VAL bound to: 1 - type: integer 
	Parameter C_ENABLE_RST_SYNC bound to: 1 - type: integer 
	Parameter C_ERROR_INJECTION_TYPE bound to: 0 - type: integer 
	Parameter C_USE_LOW_LATENCY_BI_FIFO bound to: 0 - type: integer 
	Parameter C_DOUT_RST_VAL bound to: 0000 - type: string 
	Parameter C_WR_DATA_COUNT_WIDTH bound to: 9 - type: integer 
	Parameter C_RD_DATA_COUNT_WIDTH bound to: 9 - type: integer 
WARNING: [Synth 8-312] ignoring unsynthesizable construct: assertion statement [c:/custom_xilinx_ip/MyProcessorIPLib/pcores/axi_FPGA_configuration_controller_v1_00_a/project_1/project_1.srcs/sources_1/ip/config_data_FIFO/fifo_generator_v12_0/hdl/fifo_generator_v12_0_vhsyn_rfs.vhd:31436]
WARNING: [Synth 8-312] ignoring unsynthesizable construct: assertion statement [c:/custom_xilinx_ip/MyProcessorIPLib/pcores/axi_FPGA_configuration_controller_v1_00_a/project_1/project_1.srcs/sources_1/ip/config_data_FIFO/fifo_generator_v12_0/hdl/fifo_generator_v12_0_vhsyn_rfs.vhd:31440]
WARNING: [Synth 8-312] ignoring unsynthesizable construct: assertion statement [c:/custom_xilinx_ip/MyProcessorIPLib/pcores/axi_FPGA_configuration_controller_v1_00_a/project_1/project_1.srcs/sources_1/ip/config_data_FIFO/fifo_generator_v12_0/hdl/fifo_generator_v12_0_vhsyn_rfs.vhd:31444]
WARNING: [Synth 8-312] ignoring unsynthesizable construct: assertion statement [c:/custom_xilinx_ip/MyProcessorIPLib/pcores/axi_FPGA_configuration_controller_v1_00_a/project_1/project_1.srcs/sources_1/ip/config_data_FIFO/fifo_generator_v12_0/hdl/fifo_generator_v12_0_vhsyn_rfs.vhd:31448]
WARNING: [Synth 8-312] ignoring unsynthesizable construct: assertion statement [c:/custom_xilinx_ip/MyProcessorIPLib/pcores/axi_FPGA_configuration_controller_v1_00_a/project_1/project_1.srcs/sources_1/ip/config_data_FIFO/fifo_generator_v12_0/hdl/fifo_generator_v12_0_vhsyn_rfs.vhd:31452]
INFO: [Synth 8-638] synthesizing module 'input_blk' [c:/custom_xilinx_ip/MyProcessorIPLib/pcores/axi_FPGA_configuration_controller_v1_00_a/project_1/project_1.srcs/sources_1/ip/config_data_FIFO/fifo_generator_v12_0/hdl/fifo_generator_v12_0_vhsyn_rfs.vhd:4020]
	Parameter C_COMMON_CLOCK bound to: 0 - type: integer 
	Parameter C_IMPLEMENTATION_TYPE bound to: 0 - type: integer 
	Parameter C_DIN_WIDTH bound to: 32 - type: integer 
	Parameter C_PKTFIFO_DATA_WIDTH bound to: 32 - type: integer 
	Parameter C_DOUT_WIDTH bound to: 32 - type: integer 
	Parameter C_HAS_INT_CLK bound to: 0 - type: integer 
	Parameter C_PROG_EMPTY_TYPE bound to: 0 - type: integer 
	Parameter C_PROG_FULL_TYPE bound to: 1 - type: integer 
	Parameter C_DEPTH_RATIO_RD bound to: 1 - type: integer 
	Parameter C_RD_PNTR_WIDTH bound to: 9 - type: integer 
	Parameter C_WR_PNTR_WIDTH bound to: 9 - type: integer 
	Parameter C_USE_EMBEDDED_REG bound to: 1 - type: integer 
	Parameter C_ERROR_INJECTION_TYPE bound to: 0 - type: integer 
	Parameter C_FIFO_TYPE bound to: 0 - type: integer 
	Parameter C_BYTE_STRB_WIDTH bound to: 8 - type: integer 
	Parameter C_USE_INPUT_CE bound to: 0 - type: integer 
	Parameter C_USE_OUTPUT_CE bound to: 0 - type: integer 
	Parameter C_USE_SYNC_CLK bound to: 0 - type: integer 
INFO: [Synth 8-256] done synthesizing module 'input_blk' (1#1) [c:/custom_xilinx_ip/MyProcessorIPLib/pcores/axi_FPGA_configuration_controller_v1_00_a/project_1/project_1.srcs/sources_1/ip/config_data_FIFO/fifo_generator_v12_0/hdl/fifo_generator_v12_0_vhsyn_rfs.vhd:4020]
INFO: [Synth 8-638] synthesizing module 'reset_builtin' [c:/custom_xilinx_ip/MyProcessorIPLib/pcores/axi_FPGA_configuration_controller_v1_00_a/project_1/project_1.srcs/sources_1/ip/config_data_FIFO/fifo_generator_v12_0/hdl/fifo_generator_v12_0_vhsyn_rfs.vhd:23697]
	Parameter C_COMMON_CLOCK bound to: 0 - type: integer 
	Parameter C_HAS_INT_CLK bound to: 0 - type: integer 
	Parameter C_MSGON_VAL bound to: 1 - type: integer 
	Parameter C_ENABLE_RST_SYNC bound to: 1 - type: integer 
	Parameter C_RST_DURATION bound to: 5 - type: integer 
INFO: [Synth 8-5534] Detected attribute (* async_reg = "TRUE" *) [c:/custom_xilinx_ip/MyProcessorIPLib/pcores/axi_FPGA_configuration_controller_v1_00_a/project_1/project_1.srcs/sources_1/ip/config_data_FIFO/fifo_generator_v12_0/hdl/fifo_generator_v12_0_vhsyn_rfs.vhd:23705]
INFO: [Synth 8-5534] Detected attribute (* async_reg = "TRUE" *) [c:/custom_xilinx_ip/MyProcessorIPLib/pcores/axi_FPGA_configuration_controller_v1_00_a/project_1/project_1.srcs/sources_1/ip/config_data_FIFO/fifo_generator_v12_0/hdl/fifo_generator_v12_0_vhsyn_rfs.vhd:23706]
INFO: [Synth 8-5534] Detected attribute (* async_reg = "TRUE" *) [c:/custom_xilinx_ip/MyProcessorIPLib/pcores/axi_FPGA_configuration_controller_v1_00_a/project_1/project_1.srcs/sources_1/ip/config_data_FIFO/fifo_generator_v12_0/hdl/fifo_generator_v12_0_vhsyn_rfs.vhd:23709]
INFO: [Synth 8-5534] Detected attribute (* async_reg = "TRUE" *) [c:/custom_xilinx_ip/MyProcessorIPLib/pcores/axi_FPGA_configuration_controller_v1_00_a/project_1/project_1.srcs/sources_1/ip/config_data_FIFO/fifo_generator_v12_0/hdl/fifo_generator_v12_0_vhsyn_rfs.vhd:23710]
INFO: [Synth 8-5534] Detected attribute (* async_reg = "TRUE" *) [c:/custom_xilinx_ip/MyProcessorIPLib/pcores/axi_FPGA_configuration_controller_v1_00_a/project_1/project_1.srcs/sources_1/ip/config_data_FIFO/fifo_generator_v12_0/hdl/fifo_generator_v12_0_vhsyn_rfs.vhd:23711]
INFO: [Synth 8-5534] Detected attribute (* async_reg = "TRUE" *) [c:/custom_xilinx_ip/MyProcessorIPLib/pcores/axi_FPGA_configuration_controller_v1_00_a/project_1/project_1.srcs/sources_1/ip/config_data_FIFO/fifo_generator_v12_0/hdl/fifo_generator_v12_0_vhsyn_rfs.vhd:23712]
INFO: [Synth 8-256] done synthesizing module 'reset_builtin' (2#1) [c:/custom_xilinx_ip/MyProcessorIPLib/pcores/axi_FPGA_configuration_controller_v1_00_a/project_1/project_1.srcs/sources_1/ip/config_data_FIFO/fifo_generator_v12_0/hdl/fifo_generator_v12_0_vhsyn_rfs.vhd:23697]
INFO: [Synth 8-638] synthesizing module 'builtin_top_v6' [c:/custom_xilinx_ip/MyProcessorIPLib/pcores/axi_FPGA_configuration_controller_v1_00_a/project_1/project_1.srcs/sources_1/ip/config_data_FIFO/fifo_generator_v12_0/hdl/fifo_generator_v12_0_vhsyn_rfs.vhd:30393]
	Parameter C_FAMILY bound to: 7SERIES - type: string 
	Parameter C_PRIM_WIDTH bound to: 36 - type: integer 
	Parameter C_PRIM_DEPTH bound to: 512 - type: integer 
	Parameter C_PRIM_FIFO36 bound to: 0 - type: integer 
	Parameter C_NUM_PRIM_WIDE bound to: 1 - type: integer 
	Parameter C_NUM_PRIM_DEEP bound to: 1 - type: integer 
	Parameter C_COMMON_CLOCK bound to: 0 - type: integer 
	Parameter C_READ_FASTER bound to: 1 - type: integer 
	Parameter C_DIN_WIDTH bound to: 32 - type: integer 
	Parameter C_DOUT_WIDTH bound to: 32 - type: integer 
	Parameter C_WR_DEPTH bound to: 512 - type: integer 
	Parameter C_RD_DEPTH bound to: 512 - type: integer 
	Parameter C_WR_PNTR_WIDTH bound to: 9 - type: integer 
	Parameter C_RD_PNTR_WIDTH bound to: 9 - type: integer 
	Parameter C_PRELOAD_REGS bound to: 0 - type: integer 
	Parameter C_PRELOAD_LATENCY bound to: 1 - type: integer 
	Parameter C_PROG_FULL_TYPE bound to: 1 - type: integer 
	Parameter C_PROG_FULL_THRESH_ASSERT_VAL bound to: 480 - type: integer 
	Parameter C_PROG_FULL_THRESH_NEGATE_VAL bound to: 479 - type: integer 
	Parameter C_PROG_EMPTY_TYPE bound to: 0 - type: integer 
	Parameter C_PROG_EMPTY_THRESH_ASSERT_VAL bound to: 5 - type: integer 
	Parameter C_PROG_EMPTY_THRESH_NEGATE_VAL bound to: 6 - type: integer 
	Parameter C_USE_ECC bound to: 0 - type: integer 
	Parameter C_HAS_WR_ACK bound to: 1 - type: integer 
	Parameter C_HAS_VALID bound to: 1 - type: integer 
	Parameter C_HAS_OVERFLOW bound to: 1 - type: integer 
	Parameter C_HAS_UNDERFLOW bound to: 1 - type: integer 
	Parameter C_HAS_INT_CLK bound to: 0 - type: integer 
	Parameter C_USE_EMBEDDED_REG bound to: 0 - type: integer 
	Parameter C_USE_DOUT_RST bound to: 0 - type: integer 
	Parameter C_UNDERFLOW_LOW bound to: 0 - type: integer 
	Parameter C_OVERFLOW_LOW bound to: 0 - type: integer 
	Parameter C_VALID_LOW bound to: 0 - type: integer 
	Parameter C_WR_ACK_LOW bound to: 0 - type: integer 
	Parameter C_MSGON_VAL bound to: 1 - type: integer 
	Parameter C_ENABLE_RST_SYNC bound to: 1 - type: integer 
	Parameter C_ERROR_INJECTION_TYPE bound to: 0 - type: integer 
	Parameter C_USE_LOW_LATENCY_BI_FIFO bound to: 0 - type: integer 
	Parameter C_DOUT_RST_VAL bound to: 0000 - type: string 
WARNING: [Synth 8-312] ignoring unsynthesizable construct: assertion statement [c:/custom_xilinx_ip/MyProcessorIPLib/pcores/axi_FPGA_configuration_controller_v1_00_a/project_1/project_1.srcs/sources_1/ip/config_data_FIFO/fifo_generator_v12_0/hdl/fifo_generator_v12_0_vhsyn_rfs.vhd:30483]
INFO: [Synth 8-638] synthesizing module 'builtin_extdepth_v6' [c:/custom_xilinx_ip/MyProcessorIPLib/pcores/axi_FPGA_configuration_controller_v1_00_a/project_1/project_1.srcs/sources_1/ip/config_data_FIFO/fifo_generator_v12_0/hdl/fifo_generator_v12_0_vhsyn_rfs.vhd:28975]
	Parameter C_FAMILY bound to: 7SERIES - type: string 
	Parameter C_PRIM_WIDTH bound to: 36 - type: integer 
	Parameter C_PRIM_DEPTH bound to: 512 - type: integer 
	Parameter C_PRIM_FIFO36 bound to: 0 - type: integer 
	Parameter C_NUM_PRIM_DEEP bound to: 1 - type: integer 
	Parameter C_COMMON_CLOCK bound to: 0 - type: integer 
	Parameter C_READ_FASTER bound to: 1 - type: integer 
	Parameter C_WR_PNTR_WIDTH bound to: 9 - type: integer 
	Parameter C_RD_PNTR_WIDTH bound to: 9 - type: integer 
	Parameter C_PRELOAD_LATENCY bound to: 1 - type: integer 
	Parameter C_PROG_FULL_TYPE bound to: 1 - type: integer 
	Parameter C_PROG_FULL_THRESH_ASSERT_VAL bound to: 480 - type: integer 
	Parameter C_PROG_FULL_THRESH_NEGATE_VAL bound to: 479 - type: integer 
	Parameter C_PROG_EMPTY_TYPE bound to: 0 - type: integer 
	Parameter C_PROG_EMPTY_THRESH_ASSERT_VAL bound to: 5 - type: integer 
	Parameter C_PROG_EMPTY_THRESH_NEGATE_VAL bound to: 6 - type: integer 
	Parameter C_USE_ECC bound to: 0 - type: integer 
	Parameter C_HAS_INT_CLK bound to: 0 - type: integer 
	Parameter C_USE_EMBEDDED_REG bound to: 0 - type: integer 
	Parameter C_USE_DOUT_RST bound to: 0 - type: integer 
	Parameter C_MSGON_VAL bound to: 1 - type: integer 
	Parameter C_DOUT_RST_VAL bound to: 000000000 - type: string 
INFO: [Synth 8-5534] Detected attribute (* async_reg = "TRUE" *) [c:/custom_xilinx_ip/MyProcessorIPLib/pcores/axi_FPGA_configuration_controller_v1_00_a/project_1/project_1.srcs/sources_1/ip/config_data_FIFO/fifo_generator_v12_0/hdl/fifo_generator_v12_0_vhsyn_rfs.vhd:29115]
INFO: [Synth 8-5534] Detected attribute (* async_reg = "TRUE" *) [c:/custom_xilinx_ip/MyProcessorIPLib/pcores/axi_FPGA_configuration_controller_v1_00_a/project_1/project_1.srcs/sources_1/ip/config_data_FIFO/fifo_generator_v12_0/hdl/fifo_generator_v12_0_vhsyn_rfs.vhd:29116]
INFO: [Synth 8-5534] Detected attribute (* async_reg = "TRUE" *) [c:/custom_xilinx_ip/MyProcessorIPLib/pcores/axi_FPGA_configuration_controller_v1_00_a/project_1/project_1.srcs/sources_1/ip/config_data_FIFO/fifo_generator_v12_0/hdl/fifo_generator_v12_0_vhsyn_rfs.vhd:29119]
INFO: [Synth 8-5534] Detected attribute (* async_reg = "TRUE" *) [c:/custom_xilinx_ip/MyProcessorIPLib/pcores/axi_FPGA_configuration_controller_v1_00_a/project_1/project_1.srcs/sources_1/ip/config_data_FIFO/fifo_generator_v12_0/hdl/fifo_generator_v12_0_vhsyn_rfs.vhd:29120]
WARNING: [Synth 8-312] ignoring unsynthesizable construct: assertion statement [c:/custom_xilinx_ip/MyProcessorIPLib/pcores/axi_FPGA_configuration_controller_v1_00_a/project_1/project_1.srcs/sources_1/ip/config_data_FIFO/fifo_generator_v12_0/hdl/fifo_generator_v12_0_vhsyn_rfs.vhd:29152]
WARNING: [Synth 8-312] ignoring unsynthesizable construct: assertion statement [c:/custom_xilinx_ip/MyProcessorIPLib/pcores/axi_FPGA_configuration_controller_v1_00_a/project_1/project_1.srcs/sources_1/ip/config_data_FIFO/fifo_generator_v12_0/hdl/fifo_generator_v12_0_vhsyn_rfs.vhd:29160]
WARNING: [Synth 8-312] ignoring unsynthesizable construct: assertion statement [c:/custom_xilinx_ip/MyProcessorIPLib/pcores/axi_FPGA_configuration_controller_v1_00_a/project_1/project_1.srcs/sources_1/ip/config_data_FIFO/fifo_generator_v12_0/hdl/fifo_generator_v12_0_vhsyn_rfs.vhd:29164]
WARNING: [Synth 8-312] ignoring unsynthesizable construct: assertion statement [c:/custom_xilinx_ip/MyProcessorIPLib/pcores/axi_FPGA_configuration_controller_v1_00_a/project_1/project_1.srcs/sources_1/ip/config_data_FIFO/fifo_generator_v12_0/hdl/fifo_generator_v12_0_vhsyn_rfs.vhd:29167]
INFO: [Synth 8-638] synthesizing module 'builtin_prim_v6' [c:/custom_xilinx_ip/MyProcessorIPLib/pcores/axi_FPGA_configuration_controller_v1_00_a/project_1/project_1.srcs/sources_1/ip/config_data_FIFO/fifo_generator_v12_0/hdl/fifo_generator_v12_0_vhsyn_rfs.vhd:28288]
	Parameter C_FAMILY bound to: 7SERIES - type: string 
	Parameter C_PRIM_WIDTH bound to: 36 - type: integer 
	Parameter C_PRIM_FIFO36 bound to: 0 - type: integer 
	Parameter C_COMMON_CLOCK bound to: 0 - type: integer 
	Parameter C_PRELOAD_LATENCY bound to: 1 - type: integer 
	Parameter C_PRIM_PNTR_WIDTH bound to: 9 - type: integer 
	Parameter FULL_OFFSET bound to: 32 - type: integer 
	Parameter EMPTY_OFFSET bound to: 5 - type: integer 
	Parameter C_USE_ECC_ENC bound to: 0 - type: integer 
	Parameter C_USE_ECC_DEC bound to: 0 - type: integer 
	Parameter C_PROG_EMPTY_TYPE bound to: 0 - type: integer 
	Parameter C_PROG_FULL_TYPE bound to: 1 - type: integer 
	Parameter C_USE_EMBEDDED_REG bound to: 0 - type: integer 
	Parameter C_USE_DOUT_RST bound to: 0 - type: integer 
	Parameter C_DOUT_RST_VAL bound to: 000000000 - type: string 
	Parameter ALMOST_EMPTY_OFFSET bound to: 13'b0000000000101 
	Parameter ALMOST_FULL_OFFSET bound to: 13'b0000000100000 
	Parameter DATA_WIDTH bound to: 36 - type: integer 
	Parameter DO_REG bound to: 1 - type: integer 
	Parameter EN_SYN bound to: 0 - type: bool 
	Parameter FIFO_MODE bound to: FIFO18_36 - type: string 
	Parameter FIRST_WORD_FALL_THROUGH bound to: 0 - type: bool 
	Parameter INIT bound to: 36'b000000000000000000000000000000000000 
	Parameter IS_RDCLK_INVERTED bound to: 1'b0 
	Parameter IS_RDEN_INVERTED bound to: 1'b0 
	Parameter IS_RSTREG_INVERTED bound to: 1'b0 
	Parameter IS_RST_INVERTED bound to: 1'b0 
	Parameter IS_WRCLK_INVERTED bound to: 1'b0 
	Parameter IS_WREN_INVERTED bound to: 1'b0 
	Parameter SIM_DEVICE bound to: 7SERIES - type: string 
	Parameter SRVAL bound to: 36'b000000000000000000000000000000000000 
INFO: [Synth 8-113] binding component instance 'sngfifo18e1' to cell 'FIFO18E1' [c:/custom_xilinx_ip/MyProcessorIPLib/pcores/axi_FPGA_configuration_controller_v1_00_a/project_1/project_1.srcs/sources_1/ip/config_data_FIFO/fifo_generator_v12_0/hdl/fifo_generator_v12_0_vhsyn_rfs.vhd:28569]
INFO: [Synth 8-256] done synthesizing module 'builtin_prim_v6' (3#1) [c:/custom_xilinx_ip/MyProcessorIPLib/pcores/axi_FPGA_configuration_controller_v1_00_a/project_1/project_1.srcs/sources_1/ip/config_data_FIFO/fifo_generator_v12_0/hdl/fifo_generator_v12_0_vhsyn_rfs.vhd:28288]
INFO: [Synth 8-256] done synthesizing module 'builtin_extdepth_v6' (4#1) [c:/custom_xilinx_ip/MyProcessorIPLib/pcores/axi_FPGA_configuration_controller_v1_00_a/project_1/project_1.srcs/sources_1/ip/config_data_FIFO/fifo_generator_v12_0/hdl/fifo_generator_v12_0_vhsyn_rfs.vhd:28975]
INFO: [Synth 8-256] done synthesizing module 'builtin_top_v6' (5#1) [c:/custom_xilinx_ip/MyProcessorIPLib/pcores/axi_FPGA_configuration_controller_v1_00_a/project_1/project_1.srcs/sources_1/ip/config_data_FIFO/fifo_generator_v12_0/hdl/fifo_generator_v12_0_vhsyn_rfs.vhd:30393]
INFO: [Synth 8-638] synthesizing module 'output_blk' [c:/custom_xilinx_ip/MyProcessorIPLib/pcores/axi_FPGA_configuration_controller_v1_00_a/project_1/project_1.srcs/sources_1/ip/config_data_FIFO/fifo_generator_v12_0/hdl/fifo_generator_v12_0_vhsyn_rfs.vhd:4460]
	Parameter C_COMMON_CLOCK bound to: 1 - type: integer 
	Parameter C_DATA_COUNT_WIDTH bound to: 2 - type: integer 
	Parameter C_DIN_WIDTH bound to: 8 - type: integer 
	Parameter C_DOUT_WIDTH bound to: 32 - type: integer 
	Parameter C_PKTFIFO_DATA_WIDTH bound to: 32 - type: integer 
	Parameter C_HAS_ALMOST_EMPTY bound to: 0 - type: integer 
	Parameter C_HAS_ALMOST_FULL bound to: 0 - type: integer 
	Parameter C_HAS_DATA_COUNT bound to: 0 - type: integer 
	Parameter C_HAS_OVERFLOW bound to: 0 - type: integer 
	Parameter C_HAS_RD_DATA_COUNT bound to: 0 - type: integer 
	Parameter C_HAS_UNDERFLOW bound to: 0 - type: integer 
	Parameter C_HAS_VALID bound to: 0 - type: integer 
	Parameter C_HAS_WR_ACK bound to: 0 - type: integer 
	Parameter C_HAS_WR_DATA_COUNT bound to: 0 - type: integer 
	Parameter C_PROG_EMPTY_TYPE bound to: 0 - type: integer 
	Parameter C_PROG_FULL_TYPE bound to: 1 - type: integer 
	Parameter C_DEPTH_RATIO_WR bound to: 1 - type: integer 
	Parameter C_RD_DATA_COUNT_WIDTH bound to: 2 - type: integer 
	Parameter C_RD_PNTR_WIDTH bound to: 8 - type: integer 
	Parameter C_WR_PNTR_WIDTH bound to: 8 - type: integer 
	Parameter C_WR_DATA_COUNT_WIDTH bound to: 2 - type: integer 
	Parameter C_USE_FWFT_DATA_COUNT bound to: 0 - type: integer 
	Parameter C_USE_ECC bound to: 0 - type: integer 
	Parameter C_FIFO_TYPE bound to: 0 - type: integer 
	Parameter C_BYTE_STRB_WIDTH bound to: 8 - type: integer 
INFO: [Synth 8-256] done synthesizing module 'output_blk' (6#1) [c:/custom_xilinx_ip/MyProcessorIPLib/pcores/axi_FPGA_configuration_controller_v1_00_a/project_1/project_1.srcs/sources_1/ip/config_data_FIFO/fifo_generator_v12_0/hdl/fifo_generator_v12_0_vhsyn_rfs.vhd:4460]
WARNING: [Synth 8-3848] Net int_clk_i in module/entity fifo_generator_v12_0_builtin does not have driver. [c:/custom_xilinx_ip/MyProcessorIPLib/pcores/axi_FPGA_configuration_controller_v1_00_a/project_1/project_1.srcs/sources_1/ip/config_data_FIFO/fifo_generator_v12_0/hdl/fifo_generator_v12_0_vhsyn_rfs.vhd:31397]
INFO: [Synth 8-256] done synthesizing module 'fifo_generator_v12_0_builtin' (7#1) [c:/custom_xilinx_ip/MyProcessorIPLib/pcores/axi_FPGA_configuration_controller_v1_00_a/project_1/project_1.srcs/sources_1/ip/config_data_FIFO/fifo_generator_v12_0/hdl/fifo_generator_v12_0_vhsyn_rfs.vhd:31298]
WARNING: [Synth 8-3848] Net DATA_COUNT in module/entity fifo_generator_top does not have driver. [c:/custom_xilinx_ip/MyProcessorIPLib/pcores/axi_FPGA_configuration_controller_v1_00_a/project_1/project_1.srcs/sources_1/ip/config_data_FIFO/fifo_generator_v12_0/hdl/fifo_generator_v12_0_vhsyn_rfs.vhd:32071]
INFO: [Synth 8-256] done synthesizing module 'fifo_generator_top' (8#1) [c:/custom_xilinx_ip/MyProcessorIPLib/pcores/axi_FPGA_configuration_controller_v1_00_a/project_1/project_1.srcs/sources_1/ip/config_data_FIFO/fifo_generator_v12_0/hdl/fifo_generator_v12_0_vhsyn_rfs.vhd:32083]
INFO: [Synth 8-256] done synthesizing module 'fifo_generator_v12_0_synth' (9#1) [c:/custom_xilinx_ip/MyProcessorIPLib/pcores/axi_FPGA_configuration_controller_v1_00_a/project_1/project_1.srcs/sources_1/ip/config_data_FIFO/fifo_generator_v12_0/hdl/fifo_generator_v12_0_vhsyn_rfs.vhd:33314]
INFO: [Synth 8-256] done synthesizing module 'fifo_generator_v12_0' (10#1) [c:/custom_xilinx_ip/MyProcessorIPLib/pcores/axi_FPGA_configuration_controller_v1_00_a/project_1/project_1.srcs/sources_1/ip/config_data_FIFO/fifo_generator_v12_0/hdl/fifo_generator_v12_0.vhd:665]
INFO: [Synth 8-256] done synthesizing module 'config_data_FIFO' (11#1) [c:/custom_xilinx_ip/MyProcessorIPLib/pcores/axi_FPGA_configuration_controller_v1_00_a/project_1/project_1.srcs/sources_1/ip/config_data_FIFO/synth/config_data_FIFO.vhd:74]
---------------------------------------------------------------------------------
Finished RTL Elaboration : Time (s): cpu = 00:00:14 ; elapsed = 00:00:19 . Memory (MB): peak = 397.504 ; gain = 213.602
---------------------------------------------------------------------------------

Report Check Netlist: 
+------+------------------+-------+---------+-------+------------------+
|      |Item              |Errors |Warnings |Status |Description       |
+------+------------------+-------+---------+-------+------------------+
|1     |multi_driven_nets |      0|        0|Passed |Multi driven nets |
+------+------------------+-------+---------+-------+------------------+
INFO: [Synth 8-3295] tying undriven pin \gextw[1].gnll_fifo.inst_extd :DIN[35] to constant 0 [c:/custom_xilinx_ip/MyProcessorIPLib/pcores/axi_FPGA_configuration_controller_v1_00_a/project_1/project_1.srcs/sources_1/ip/config_data_FIFO/fifo_generator_v12_0/hdl/fifo_generator_v12_0_vhsyn_rfs.vhd:30505]
INFO: [Synth 8-3295] tying undriven pin \gextw[1].gnll_fifo.inst_extd :DIN[34] to constant 0 [c:/custom_xilinx_ip/MyProcessorIPLib/pcores/axi_FPGA_configuration_controller_v1_00_a/project_1/project_1.srcs/sources_1/ip/config_data_FIFO/fifo_generator_v12_0/hdl/fifo_generator_v12_0_vhsyn_rfs.vhd:30505]
INFO: [Synth 8-3295] tying undriven pin \gextw[1].gnll_fifo.inst_extd :DIN[33] to constant 0 [c:/custom_xilinx_ip/MyProcessorIPLib/pcores/axi_FPGA_configuration_controller_v1_00_a/project_1/project_1.srcs/sources_1/ip/config_data_FIFO/fifo_generator_v12_0/hdl/fifo_generator_v12_0_vhsyn_rfs.vhd:30505]
INFO: [Synth 8-3295] tying undriven pin \gextw[1].gnll_fifo.inst_extd :DIN[32] to constant 0 [c:/custom_xilinx_ip/MyProcessorIPLib/pcores/axi_FPGA_configuration_controller_v1_00_a/project_1/project_1.srcs/sources_1/ip/config_data_FIFO/fifo_generator_v12_0/hdl/fifo_generator_v12_0_vhsyn_rfs.vhd:30505]
INFO: [Synth 8-3295] tying undriven pin \v7_bi_fifo.fblk :INT_CLK to constant 0 [c:/custom_xilinx_ip/MyProcessorIPLib/pcores/axi_FPGA_configuration_controller_v1_00_a/project_1/project_1.srcs/sources_1/ip/config_data_FIFO/fifo_generator_v12_0/hdl/fifo_generator_v12_0_vhsyn_rfs.vhd:31669]
---------------------------------------------------------------------------------
Finished RTL Optimization Phase 1 : Time (s): cpu = 00:00:14 ; elapsed = 00:00:20 . Memory (MB): peak = 397.504 ; gain = 213.602
---------------------------------------------------------------------------------
INFO: [Netlist 29-17] Analyzing 1 Unisim elements for replacement
INFO: [Netlist 29-28] Unisim Transformation completed in 0 CPU seconds
INFO: [Device 21-403] Loading part xc7z010clg400-1
INFO: [Project 1-570] Preparing netlist for logic optimization

Processing XDC Constraints
Initializing timing engine
Parsing XDC File [c:/custom_xilinx_ip/MyProcessorIPLib/pcores/axi_FPGA_configuration_controller_v1_00_a/project_1/project_1.srcs/sources_1/ip/config_data_FIFO/config_data_FIFO_ooc.xdc] for cell 'U0'
Finished Parsing XDC File [c:/custom_xilinx_ip/MyProcessorIPLib/pcores/axi_FPGA_configuration_controller_v1_00_a/project_1/project_1.srcs/sources_1/ip/config_data_FIFO/config_data_FIFO_ooc.xdc] for cell 'U0'
Parsing XDC File [c:/custom_xilinx_ip/MyProcessorIPLib/pcores/axi_FPGA_configuration_controller_v1_00_a/project_1/project_1.srcs/sources_1/ip/config_data_FIFO/config_data_FIFO/config_data_FIFO.xdc] for cell 'U0'
Finished Parsing XDC File [c:/custom_xilinx_ip/MyProcessorIPLib/pcores/axi_FPGA_configuration_controller_v1_00_a/project_1/project_1.srcs/sources_1/ip/config_data_FIFO/config_data_FIFO/config_data_FIFO.xdc] for cell 'U0'
Parsing XDC File [C:/custom_xilinx_ip/MyProcessorIPLib/pcores/axi_FPGA_configuration_controller_v1_00_a/project_1/project_1.runs/config_data_FIFO_synth_1/dont_touch.xdc]
Finished Parsing XDC File [C:/custom_xilinx_ip/MyProcessorIPLib/pcores/axi_FPGA_configuration_controller_v1_00_a/project_1/project_1.runs/config_data_FIFO_synth_1/dont_touch.xdc]
Parsing XDC File [c:/custom_xilinx_ip/MyProcessorIPLib/pcores/axi_FPGA_configuration_controller_v1_00_a/project_1/project_1.srcs/sources_1/ip/config_data_FIFO/config_data_FIFO/config_data_FIFO_clocks.xdc] for cell 'U0'
Finished Parsing XDC File [c:/custom_xilinx_ip/MyProcessorIPLib/pcores/axi_FPGA_configuration_controller_v1_00_a/project_1/project_1.srcs/sources_1/ip/config_data_FIFO/config_data_FIFO/config_data_FIFO_clocks.xdc] for cell 'U0'
Completed Processing XDC Constraints

INFO: [Project 1-111] Unisim Transformation Summary:
No Unisim elements were transformed.

Constraint Validation Runtime : Time (s): cpu = 00:00:00 ; elapsed = 00:00:00.006 . Memory (MB): peak = 553.523 ; gain = 0.000
---------------------------------------------------------------------------------
Finished Constraint Validation : Time (s): cpu = 00:00:21 ; elapsed = 00:00:31 . Memory (MB): peak = 553.523 ; gain = 369.621
---------------------------------------------------------------------------------
---------------------------------------------------------------------------------
Start Loading Part and Timing Information
---------------------------------------------------------------------------------
Loading part: xc7z010clg400-1
---------------------------------------------------------------------------------
Finished Loading Part and Timing Information : Time (s): cpu = 00:00:21 ; elapsed = 00:00:31 . Memory (MB): peak = 553.523 ; gain = 369.621
---------------------------------------------------------------------------------
---------------------------------------------------------------------------------
Start Applying 'set_property' XDC Constraints
---------------------------------------------------------------------------------
Applied set_property DONT_TOUCH = true for U0. (constraint file  auto generated constraint, line ).
---------------------------------------------------------------------------------
Finished applying 'set_property' XDC Constraints : Time (s): cpu = 00:00:21 ; elapsed = 00:00:31 . Memory (MB): peak = 553.523 ; gain = 369.621
---------------------------------------------------------------------------------
---------------------------------------------------------------------------------
Finished RTL Optimization Phase 2 : Time (s): cpu = 00:00:21 ; elapsed = 00:00:31 . Memory (MB): peak = 553.523 ; gain = 369.621
---------------------------------------------------------------------------------

Report RTL Partitions: 
+-+--------------+------------+----------+
| |RTL Partition |Replication |Instances |
+-+--------------+------------+----------+
+-+--------------+------------+----------+
---------------------------------------------------------------------------------
Start RTL Component Statistics 
---------------------------------------------------------------------------------
Detailed RTL Component Info : 
+---Registers : 
	                6 Bit    Registers := 2     
	                5 Bit    Registers := 2     
	                1 Bit    Registers := 4     
---------------------------------------------------------------------------------
Finished RTL Component Statistics 
---------------------------------------------------------------------------------
---------------------------------------------------------------------------------
Start RTL Hierarchical Component Statistics 
---------------------------------------------------------------------------------
Hierarchical RTL Component report 
Module reset_builtin 
Detailed RTL Component Info : 
+---Registers : 
	                6 Bit    Registers := 2     
	                5 Bit    Registers := 2     
	                1 Bit    Registers := 2     
Module builtin_top_v6 
Detailed RTL Component Info : 
+---Registers : 
	                1 Bit    Registers := 2     
---------------------------------------------------------------------------------
Finished RTL Hierarchical Component Statistics
---------------------------------------------------------------------------------
---------------------------------------------------------------------------------
Start Part Resource Summary
---------------------------------------------------------------------------------
Part Resources:
DSPs: 80 (col length:40)
BRAMs: 120 (col length: RAMB18 40 RAMB36 20)
---------------------------------------------------------------------------------
Finished Part Resource Summary
---------------------------------------------------------------------------------
Start Parallel Synthesis Optimization  : Time (s): cpu = 00:00:21 ; elapsed = 00:00:31 . Memory (MB): peak = 553.523 ; gain = 369.621
---------------------------------------------------------------------------------
Start Cross Boundary Optimization
---------------------------------------------------------------------------------
---------------------------------------------------------------------------------
Finished Cross Boundary Optimization : Time (s): cpu = 00:00:21 ; elapsed = 00:00:31 . Memory (MB): peak = 553.523 ; gain = 369.621
---------------------------------------------------------------------------------
Finished Parallel Reinference  : Time (s): cpu = 00:00:21 ; elapsed = 00:00:31 . Memory (MB): peak = 553.523 ; gain = 369.621

Report RTL Partitions: 
+-+--------------+------------+----------+
| |RTL Partition |Replication |Instances |
+-+--------------+------------+----------+
+-+--------------+------------+----------+
---------------------------------------------------------------------------------
Start Area Optimization
---------------------------------------------------------------------------------
---------------------------------------------------------------------------------
Finished Area Optimization : Time (s): cpu = 00:00:21 ; elapsed = 00:00:32 . Memory (MB): peak = 553.523 ; gain = 369.621
---------------------------------------------------------------------------------
Finished Parallel Area Optimization  : Time (s): cpu = 00:00:21 ; elapsed = 00:00:32 . Memory (MB): peak = 553.523 ; gain = 369.621

Report RTL Partitions: 
+-+--------------+------------+----------+
| |RTL Partition |Replication |Instances |
+-+--------------+------------+----------+
+-+--------------+------------+----------+
Finished Parallel Synthesis Optimization  : Time (s): cpu = 00:00:21 ; elapsed = 00:00:32 . Memory (MB): peak = 553.523 ; gain = 369.621
---------------------------------------------------------------------------------
Start Timing Optimization
---------------------------------------------------------------------------------
---------------------------------------------------------------------------------
Start Applying XDC Timing Constraints
---------------------------------------------------------------------------------
---------------------------------------------------------------------------------
Finished Applying XDC Timing Constraints : Time (s): cpu = 00:00:32 ; elapsed = 00:00:42 . Memory (MB): peak = 586.613 ; gain = 402.711
---------------------------------------------------------------------------------
---------------------------------------------------------------------------------
Finished Timing Optimization : Time (s): cpu = 00:00:32 ; elapsed = 00:00:42 . Memory (MB): peak = 586.613 ; gain = 402.711
---------------------------------------------------------------------------------

Report RTL Partitions: 
+-+--------------+------------+----------+
| |RTL Partition |Replication |Instances |
+-+--------------+------------+----------+
+-+--------------+------------+----------+
---------------------------------------------------------------------------------
Start Technology Mapping
---------------------------------------------------------------------------------
---------------------------------------------------------------------------------
Finished Technology Mapping : Time (s): cpu = 00:00:32 ; elapsed = 00:00:42 . Memory (MB): peak = 605.898 ; gain = 421.996
---------------------------------------------------------------------------------

Report RTL Partitions: 
+-+--------------+------------+----------+
| |RTL Partition |Replication |Instances |
+-+--------------+------------+----------+
+-+--------------+------------+----------+
---------------------------------------------------------------------------------
Start IO Insertion
---------------------------------------------------------------------------------
---------------------------------------------------------------------------------
Start Final Netlist Cleanup
---------------------------------------------------------------------------------
---------------------------------------------------------------------------------
Finished Final Netlist Cleanup
---------------------------------------------------------------------------------
---------------------------------------------------------------------------------
Finished IO Insertion : Time (s): cpu = 00:00:32 ; elapsed = 00:00:43 . Memory (MB): peak = 605.898 ; gain = 421.996
---------------------------------------------------------------------------------

Report Check Netlist: 
+------+------------------+-------+---------+-------+------------------+
|      |Item              |Errors |Warnings |Status |Description       |
+------+------------------+-------+---------+-------+------------------+
|1     |multi_driven_nets |      0|        0|Passed |Multi driven nets |
+------+------------------+-------+---------+-------+------------------+
---------------------------------------------------------------------------------
Start Renaming Generated Instances
---------------------------------------------------------------------------------
---------------------------------------------------------------------------------
Finished Renaming Generated Instances : Time (s): cpu = 00:00:32 ; elapsed = 00:00:43 . Memory (MB): peak = 605.898 ; gain = 421.996
---------------------------------------------------------------------------------

Report RTL Partitions: 
+-+--------------+------------+----------+
| |RTL Partition |Replication |Instances |
+-+--------------+------------+----------+
+-+--------------+------------+----------+
---------------------------------------------------------------------------------
Start Rebuilding User Hierarchy
---------------------------------------------------------------------------------
---------------------------------------------------------------------------------
Finished Rebuilding User Hierarchy : Time (s): cpu = 00:00:32 ; elapsed = 00:00:43 . Memory (MB): peak = 605.898 ; gain = 421.996
---------------------------------------------------------------------------------
---------------------------------------------------------------------------------
Start Renaming Generated Ports : Time (s): cpu = 00:00:32 ; elapsed = 00:00:43 . Memory (MB): peak = 605.898 ; gain = 421.996
---------------------------------------------------------------------------------
---------------------------------------------------------------------------------
Finished Renaming Generated Ports : Time (s): cpu = 00:00:32 ; elapsed = 00:00:43 . Memory (MB): peak = 605.898 ; gain = 421.996
---------------------------------------------------------------------------------
---------------------------------------------------------------------------------
Start Writing Synthesis Report
---------------------------------------------------------------------------------

Report BlackBoxes: 
+-+--------------+----------+
| |BlackBox name |Instances |
+-+--------------+----------+
+-+--------------+----------+

Report Cell Usage: 
+------+---------+------+
|      |Cell     |Count |
+------+---------+------+
|1     |FIFO18E1 |     1|
|2     |LUT2     |     1|
|3     |FDPE     |     2|
|4     |FDRE     |    22|
+------+---------+------+

Report Instance Areas: 
+------+-------------------------------------------+-----------------------------+------+
|      |Instance                                   |Module                       |Cells |
+------+-------------------------------------------+-----------------------------+------+
|1     |top                                        |                             |    26|
|2     |  U0                                       |fifo_generator_v12_0         |    26|
|3     |    inst_fifo_gen                          |fifo_generator_v12_0_synth   |    26|
|4     |      \gconvfifo.rf                        |fifo_generator_top           |    26|
|5     |        \gbi.bi                            |fifo_generator_v12_0_builtin |    26|
|6     |          \g7ser_birst.rstbt               |reset_builtin                |    25|
|7     |          \v7_bi_fifo.fblk                 |builtin_top_v6               |     1|
|8     |            \gextw[1].gnll_fifo.inst_extd  |builtin_extdepth_v6          |     1|
|9     |              \gonep.inst_prim             |builtin_prim_v6              |     1|
+------+-------------------------------------------+-----------------------------+------+
---------------------------------------------------------------------------------
Finished Writing Synthesis Report : Time (s): cpu = 00:00:33 ; elapsed = 00:00:43 . Memory (MB): peak = 605.898 ; gain = 421.996
---------------------------------------------------------------------------------
Synthesis finished with 0 errors, 0 critical warnings and 0 warnings.
Synthesis Optimization Runtime : Time (s): cpu = 00:00:14 ; elapsed = 00:00:26 . Memory (MB): peak = 605.898 ; gain = 215.023
Synthesis Optimization Complete : Time (s): cpu = 00:00:33 ; elapsed = 00:00:43 . Memory (MB): peak = 605.898 ; gain = 421.996
INFO: [Project 1-571] Translating synthesized netlist
INFO: [Netlist 29-17] Analyzing 1 Unisim elements for replacement
INFO: [Netlist 29-28] Unisim Transformation completed in 0 CPU seconds
INFO: [Project 1-570] Preparing netlist for logic optimization
WARNING: [Constraints 18-1079] Register U0/inst_fifo_gen/gconvfifo.rf/gbi.bi/g7ser_birst.rstbt/rsync.ric.wr_rst_reg_reg and U0/inst_fifo_gen/gconvfifo.rf/gbi.bi/g7ser_birst.rstbt/rsync.ric.wr_rst_fb_reg[4] are from the same synchronizer and have the ASYNC_REG property set, but could not be placed into the same slice due to constraints or mismatched control signals on the registers.
WARNING: [Constraints 18-1079] Register U0/inst_fifo_gen/gconvfifo.rf/gbi.bi/g7ser_birst.rstbt/rsync.ric.rd_rst_reg_reg and U0/inst_fifo_gen/gconvfifo.rf/gbi.bi/g7ser_birst.rstbt/rsync.ric.rd_rst_fb_reg[4] are from the same synchronizer and have the ASYNC_REG property set, but could not be placed into the same slice due to constraints or mismatched control signals on the registers.
Parsing XDC File [c:/custom_xilinx_ip/MyProcessorIPLib/pcores/axi_FPGA_configuration_controller_v1_00_a/project_1/project_1.srcs/sources_1/ip/config_data_FIFO/config_data_FIFO_ooc.xdc] for cell 'U0'
Finished Parsing XDC File [c:/custom_xilinx_ip/MyProcessorIPLib/pcores/axi_FPGA_configuration_controller_v1_00_a/project_1/project_1.srcs/sources_1/ip/config_data_FIFO/config_data_FIFO_ooc.xdc] for cell 'U0'
Parsing XDC File [c:/custom_xilinx_ip/MyProcessorIPLib/pcores/axi_FPGA_configuration_controller_v1_00_a/project_1/project_1.srcs/sources_1/ip/config_data_FIFO/config_data_FIFO/config_data_FIFO.xdc] for cell 'U0'
Finished Parsing XDC File [c:/custom_xilinx_ip/MyProcessorIPLib/pcores/axi_FPGA_configuration_controller_v1_00_a/project_1/project_1.srcs/sources_1/ip/config_data_FIFO/config_data_FIFO/config_data_FIFO.xdc] for cell 'U0'
Parsing XDC File [c:/custom_xilinx_ip/MyProcessorIPLib/pcores/axi_FPGA_configuration_controller_v1_00_a/project_1/project_1.srcs/sources_1/ip/config_data_FIFO/config_data_FIFO/config_data_FIFO_clocks.xdc] for cell 'U0'
Finished Parsing XDC File [c:/custom_xilinx_ip/MyProcessorIPLib/pcores/axi_FPGA_configuration_controller_v1_00_a/project_1/project_1.srcs/sources_1/ip/config_data_FIFO/config_data_FIFO/config_data_FIFO_clocks.xdc] for cell 'U0'
INFO: [Opt 31-138] Pushed 0 inverter(s) to 0 load pin(s).
INFO: [Project 1-111] Unisim Transformation Summary:
No Unisim elements were transformed.

INFO: [Common 17-83] Releasing license: Synthesis
55 Infos, 22 Warnings, 0 Critical Warnings and 0 Errors encountered.
synth_design completed successfully
synth_design: Time (s): cpu = 00:00:31 ; elapsed = 00:00:41 . Memory (MB): peak = 605.898 ; gain = 373.121
INFO: [Common 17-600] The following parameters have non-default value.
general.maxThreads
INFO: [Coretcl 2-1174] Renamed 8 cell refs.
report_utilization: Time (s): cpu = 00:00:00 ; elapsed = 00:00:00.021 . Memory (MB): peak = 605.898 ; gain = 0.000
INFO: [Common 17-206] Exiting Vivado at Wed Sep 09 13:44:46 2015...
